[21:53:39] [main/INFO]: Loading Minecraft 1.21 with Fabric Loader 0.16.3
[21:53:41] [main/WARN]: Warnings were found!
 - Mod 'Debugify' (debugify) 1.21+1.0 recommends any version of yet_another_config_lib_v3, which is missing!
	 - You should install any version of yet_another_config_lib_v3 for the optimal experience.
 - Mod 'Debugify' (debugify) 1.21+1.0 recommends any version of modmenu, which is missing!
	 - You should install any version of modmenu for the optimal experience.
 - Mod 'Forge Config API Port' (forgeconfigapiport) 21.0.8 recommends any version of modmenu, which is missing!
	 - You should install any version of modmenu for the optimal experience.
[21:53:41] [main/INFO]: Loading 61 mods:
	- chunky 1.4.16
	- collective 7.87
	- debugify 1.21+1.0
	- entityculling 1.7.2
	- fabric-api 0.102.0+1.21
	   |-- fabric-api-base 0.4.42+6573ed8cd1
	   |-- fabric-api-lookup-api-v1 1.6.68+b5597344d1
	   |-- fabric-biome-api-v1 13.0.29+5bd9f1bcd1
	   |-- fabric-block-api-v1 1.0.22+0af3f5a7d1
	   |-- fabric-block-view-api-v2 1.0.10+6573ed8cd1
	   |-- fabric-blockrenderlayer-v1 1.1.52+0af3f5a7d1
	   |-- fabric-client-tags-api-v1 1.1.15+6573ed8cd1
	   |-- fabric-command-api-v1 1.2.49+f71b366fd1
	   |-- fabric-command-api-v2 2.2.28+6ced4dd9d1
	   |-- fabric-commands-v0 0.2.66+df3654b3d1
	   |-- fabric-content-registries-v0 8.0.16+b5597344d1
	   |-- fabric-convention-tags-v1 2.0.19+7f945d5bd1
	   |-- fabric-convention-tags-v2 2.5.0+c5e2b5c6d1
	   |-- fabric-crash-report-info-v1 0.2.29+0af3f5a7d1
	   |-- fabric-data-attachment-api-v1 1.1.27+6a6dfa19d1
	   |-- fabric-data-generation-api-v1 20.2.16+16c4ae25d1
	   |-- fabric-dimensions-v1 4.0.0+6fc22b99d1
	   |-- fabric-entity-events-v1 1.6.12+6fc22b99d1
	   |-- fabric-events-interaction-v0 0.7.12+ba9dae06d1
	   |-- fabric-game-rule-api-v1 1.0.53+6ced4dd9d1
	   |-- fabric-item-api-v1 11.0.0+afdfc921d1
	   |-- fabric-item-group-api-v1 4.1.4+78017270d1
	   |-- fabric-key-binding-api-v1 1.0.47+0af3f5a7d1
	   |-- fabric-keybindings-v0 0.2.45+df3654b3d1
	   |-- fabric-lifecycle-events-v1 2.3.12+6c1df360d1
	   |-- fabric-loot-api-v2 3.0.14+3f89f5a5d1
	   |-- fabric-loot-api-v3 1.0.2+3f89f5a5d1
	   |-- fabric-message-api-v1 6.0.13+6573ed8cd1
	   |-- fabric-model-loading-api-v1 2.0.0+fe474d6bd1
	   |-- fabric-networking-api-v1 4.2.2+60c3209bd1
	   |-- fabric-object-builder-api-v1 15.2.0+a551f7a4d1
	   |-- fabric-particles-v1 4.0.2+6573ed8cd1
	   |-- fabric-recipe-api-v1 5.0.12+65089712d1
	   |-- fabric-registry-sync-v0 5.1.2+60c3209bd1
	   |-- fabric-renderer-api-v1 3.4.0+c705a49cd1
	   |-- fabric-renderer-indigo 1.7.0+c705a49cd1
	   |-- fabric-renderer-registries-v1 3.2.68+df3654b3d1
	   |-- fabric-rendering-data-attachment-v1 0.3.48+73761d2ed1
	   |-- fabric-rendering-fluids-v1 3.1.6+b5597344d1
	   |-- fabric-rendering-v0 1.1.71+df3654b3d1
	   |-- fabric-rendering-v1 5.0.5+df16efd0d1
	   |-- fabric-resource-conditions-api-v1 4.3.0+8dc279b1d1
	   |-- fabric-resource-loader-v0 1.3.0+56599129d1
	   |-- fabric-screen-api-v1 2.0.24+b5597344d1
	   |-- fabric-screen-handler-api-v1 1.3.86+b5597344d1
	   |-- fabric-sound-api-v1 1.0.23+6573ed8cd1
	   |-- fabric-transfer-api-v1 5.1.16+3dccd343d1
	   \-- fabric-transitive-access-wideners-v1 6.1.0+176f9036d1
	- fabricloader 0.16.3
	   \-- mixinextras 0.4.1
	- ferritecore 7.0.0
	- forgeconfigapiport 21.0.8
	   |-- com_electronwill_night-config_core 3.8.0
	   \-- com_electronwill_night-config_toml 3.8.0
	- geckolib 4.5.8
	- iceberg 1.2.7
	- infinitetrading 4.5
	- jade 15.1.5+fabric
	- java 21
	- jei 19.21.0.247
	- minecraft 1.21
	- modernfix 5.19.1+mc1.21
	- nochatreports 1.21.1-v2.9.1
	- skinrestorer 2.2.0+1.21-fabric
	   \-- org_mineskin_java-client 3.0.1-SNAPSHOT
	- vcinteraction 1.21.1-1.0.8
	   \-- polymer-registry-sync-manipulator 0.9.9+1.21
	- voicechat 1.21.1-2.5.26
	   \-- fabric-key-binding-api-v1 1.0.47+0af3f5a76a
[21:53:41] [main/INFO]: SpongePowered MIXIN Subsystem Version=0.8.7 Source=file:/workspaces/BareBones/servidor_minecraft/libraries/net/fabricmc/sponge-mixin/0.15.2+mixin.0.8.7/sponge-mixin-0.15.2+mixin.0.8.7.jar Service=Knot/Fabric Env=SERVER
[21:53:42] [main/INFO]: Compatibility level set to JAVA_17
[21:53:42] [main/INFO]: Compatibility level set to JAVA_21
[21:53:43] [main/WARN]: Reference map 'forgeconfigapiport.common.refmap.json' for forgeconfigapiport.common.mixins.json could not be read. If this is a development environment you can ignore this message
[21:53:43] [main/INFO]: Loaded configuration file for ModernFix 5.19.1+mc1.21: 54 options available, 0 override(s) found
[21:53:43] [main/INFO]: Applying Nashorn fix
[21:53:46] [main/INFO]: Initializing MixinExtras via com.llamalad7.mixinextras.service.MixinExtrasServiceImpl(version=0.4.1).
[21:54:02] [main/INFO]: Vanilla bootstrap took 14140 milliseconds
[21:54:02] [main/INFO]: Loading Collective version 7.87.
[21:54:02] [main/INFO]: Enabled 28 bug fixes: [MC-2025, MC-7569, MC-8187, MC-30391, MC-69216, MC-88371, MC-89146, MC-93018, MC-100991, MC-119417, MC-119754, MC-121706, MC-121903, MC-129909, MC-132878, MC-135971, MC-155509, MC-160095, MC-179072, MC-183990, MC-199467, MC-200418, MC-206922, MC-215530, MC-223153, MC-224729, MC-231743, MC-232869]
[21:54:02] [main/INFO]: Successfully Debugify'd your game!
[21:54:04] [main/INFO]: [voicechat] Compatibility version 18
[21:54:04] [main/INFO]: [voicechat] Loading plugins
[21:54:04] [main/INFO]: [voicechat] Loaded 1 plugin(s)
[21:54:04] [main/INFO]: [voicechat] Initializing plugins
[21:54:04] [main/INFO]: [voicechat] Initialized 1 plugin(s)
[21:54:04] [main/INFO]: [voicechat] Registering events for 'vcinteraction'
[21:54:04] [main/INFO]: Environment: Environment[sessionHost=https://sessionserver.mojang.com, servicesHost=https://api.minecraftservices.com, name=PROD]
[21:54:11] [main/INFO]: Loaded 1290 recipes
[21:54:11] [main/INFO]: Loaded 1399 advancements
[21:54:11] [main/INFO]: Applied 0 biome modifications to 0 of 64 new biomes in 8.870 ms
[21:54:12] [Server thread/INFO]: Starting minecraft server version 1.21
[21:54:12] [Server thread/INFO]: Loading properties
[21:54:12] [Server thread/INFO]: Default game type: SURVIVAL
[21:54:12] [Server thread/INFO]: Generating keypair
[21:54:12] [Server thread/INFO]: Starting Minecraft server on *:25565
[21:54:12] [Server thread/INFO]: Using epoll channel type
[21:54:12] [Server thread/WARN]: **** SERVER IS RUNNING IN OFFLINE/INSECURE MODE!
[21:54:12] [Server thread/WARN]: The server will make no attempt to authenticate usernames. Beware.
[21:54:12] [Server thread/WARN]: While this makes the game possible to play without internet access, it also opens up the ability for hackers to connect with any username they choose.
[21:54:12] [Server thread/WARN]: To change this, set "online-mode" to "true" in the server.properties file.
[21:54:12] [Server thread/INFO]: Preparing level "world"
[21:54:13] [Server thread/INFO]: Preparing start region for dimension minecraft:overworld
[21:54:15] [Worker-Main-1/INFO]: Preparing spawn area: 0%
[21:54:15] [Worker-Main-1/INFO]: Preparing spawn area: 0%
[21:54:15] [Worker-Main-1/INFO]: Preparing spawn area: 0%
[21:54:15] [Worker-Main-1/INFO]: Preparing spawn area: 0%
[21:54:15] [Server thread/INFO]: Time elapsed: 2050 ms
[21:54:15] [Server thread/INFO]: Done (2.887s)! For help, type "help"
[21:54:15] [Server thread/WARN]: Dedicated server took 47.689 seconds to load
[21:54:15] [Server thread/INFO]: Start loading plugin from Jade: snownee.jade.addon.core.CorePlugin
[21:54:15] [Server thread/INFO]: Start loading plugin from Jade: snownee.jade.addon.vanilla.VanillaPlugin
[21:54:15] [Server thread/INFO]: Start loading plugin from Jade: snownee.jade.addon.universal.UniversalPlugin
[21:54:15] [Server thread/INFO]: Start loading plugin from Jade: snownee.jade.addon.debug.DebugPlugin
[21:54:15] [Server thread/WARN]: [voicechat] Running in offline mode - Voice chat encryption is not secure!
[21:54:16] [VoiceChatServerThread/INFO]: [voicechat] Voice chat server started at 100.126.223.124:24454
[21:54:43] [Server thread/INFO]: DasVicgetaOffi[/100.102.56.44:62400] logged in with entity id 6 at (71.5, 66.0, -54.5)
[21:54:43] [Server thread/INFO]: DasVicgetaOffi joined the game
[21:54:45] [Server thread/INFO]: [voicechat] Received secret request of DasVicgetaOffi (18)
[21:54:45] [Server thread/INFO]: [voicechat] Sent secret to DasVicgetaOffi
[21:54:47] [VoiceChatPacketProcessingThread/INFO]: [voicechat] Successfully authenticated player 95347242-8351-321f-9887-d797fd059023
[21:54:48] [VoiceChatPacketProcessingThread/INFO]: [voicechat] Successfully validated connection of player 95347242-8351-321f-9887-d797fd059023
[21:54:48] [VoiceChatPacketProcessingThread/INFO]: [voicechat] Player DasVicgetaOffi (95347242-8351-321f-9887-d797fd059023) successfully connected to voice chat
[21:55:36] [Server thread/WARN]: Trying to set block entity net.minecraft.class_8174@17076e8d at position class_2338{x=134, y=48, z=-177}, but state Block{minecraft:chest}[facing=north,type=single,waterlogged=false] does not allow it
[21:56:53] [Server thread/INFO]: DasVicgetaOffi has made the advancement [Stone Age]
[21:57:05] [Server thread/INFO]: DasVicgetaOffi has made the advancement [Getting an Upgrade]
