[19:16:44] [modloading-worker-0/INFO] ========================================
[19:16:44] [modloading-worker-0/INFO] Minecraft: 1.20.1
[19:16:44] [modloading-worker-0/INFO] Side: server
[19:16:44] [modloading-worker-0/INFO] Development: false
[19:16:44] [modloading-worker-0/INFO] Version: 12.1.785
[19:16:44] [modloading-worker-0/INFO] Loader:
[19:16:44] [modloading-worker-0/INFO] - Forge: 47.3.7
[19:16:44] [modloading-worker-0/INFO] Dependencies:
[19:16:44] [modloading-worker-0/INFO] - Cloth Config: 11.1.136
[19:16:44] [modloading-worker-0/INFO] - Architectury: 9.2.14
[19:16:44] [modloading-worker-0/INFO] Mixin: 0.8.5
[19:16:44] [modloading-worker-0/INFO] OS: Linux 6.5.0-1025-azure (amd64)
[19:16:44] [modloading-worker-0/INFO] Java: 21.0.4 (Microsoft)
[19:16:44] [modloading-worker-0/INFO] ========================================
[19:16:44] [modloading-worker-0/INFO] Mods:
[19:16:44] [modloading-worker-0/INFO] - advancednetherite: 2.1.3
[19:16:44] [modloading-worker-0/INFO] - advancementplaques: 1.6.7
[19:16:44] [modloading-worker-0/INFO] - alexscaves: 2.0.2
[19:16:44] [modloading-worker-0/INFO] - alternate_current: 1.7.0
[19:16:44] [modloading-worker-0/INFO] - ambientsounds: 6.1.4
[19:16:44] [modloading-worker-0/INFO] - amendments: 1.20-1.2.12
[19:16:44] [modloading-worker-0/INFO] - animal_feeding_trough: 1.1.0+1.20.1-forge
[19:16:44] [modloading-worker-0/INFO] - another_furniture: 1.20.1-3.0.1
[19:16:44] [modloading-worker-0/INFO] - appleskin: 2.5.1+mc1.20.1
[19:16:44] [modloading-worker-0/INFO] - aquaculture: 2.5.3
[19:16:44] [modloading-worker-0/INFO] - aquamirae: 6.API15
[19:16:44] [modloading-worker-0/INFO] - architectury: 9.2.14
[19:16:44] [modloading-worker-0/INFO] - armorstatues: 8.0.6
[19:16:44] [modloading-worker-0/INFO] - azurelib: 2.0.39
[19:16:44] [modloading-worker-0/INFO] - badoptimizations: 2.2.1
[19:16:44] [modloading-worker-0/INFO] - balm: 7.3.9
[19:16:44] [modloading-worker-0/INFO] - betteradvancements: 0.4.2.10
[19:16:44] [modloading-worker-0/INFO] - betterarcheology: 1.2.1-1.20.1
[19:16:44] [modloading-worker-0/INFO] - bettercombat: 1.8.6+1.20.1
[19:16:44] [modloading-worker-0/INFO] - betterdeserttemples: 1.20-Forge-3.0.3
[19:16:44] [modloading-worker-0/INFO] - betterdungeons: 1.20-Forge-4.0.4
[19:16:44] [modloading-worker-0/INFO] - betterendisland: 1.20-Forge-2.0.6
[19:16:44] [modloading-worker-0/INFO] - betterfortresses: 1.20-Forge-2.0.6
[19:16:44] [modloading-worker-0/INFO] - betterjungletemples: 1.20-Forge-2.0.5
[19:16:44] [modloading-worker-0/INFO] - bettermineshafts: 1.20-Forge-4.0.4
[19:16:44] [modloading-worker-0/INFO] - betteroceanmonuments: 1.20-Forge-3.0.4
[19:16:44] [modloading-worker-0/INFO] - betterstrongholds: 1.20-Forge-4.0.3
[19:16:44] [modloading-worker-0/INFO] - betterthirdperson: 1.9.0
[19:16:44] [modloading-worker-0/INFO] - bettertridents: 8.0.1
[19:16:44] [modloading-worker-0/INFO] - betterwitchhuts: 1.20-Forge-3.0.3
[19:16:44] [modloading-worker-0/INFO] - biomesoplenty: 19.0.0.91
[19:16:44] [modloading-worker-0/INFO] - blueprint: 7.1.0
[19:16:44] [modloading-worker-0/INFO] - bookshelf: 20.2.13
[19:16:44] [modloading-worker-0/INFO] - bountiful: 6.0.4+1.20.1
[19:16:44] [modloading-worker-0/INFO] - broken_blade: 1.0
[19:16:44] [modloading-worker-0/INFO] - bushierflowers: 0.0.3-1.20.1
[19:16:44] [modloading-worker-0/INFO] - caelus: 3.2.0+1.20.1
[19:16:44] [modloading-worker-0/INFO] - carryon: 2.1.2.7
[19:16:44] [modloading-worker-0/INFO] - cataclysm: 2.26
[19:16:44] [modloading-worker-0/INFO] - chunky: 1.3.146
[19:16:44] [modloading-worker-0/INFO] - citadel: 2.6.0
[19:16:44] [modloading-worker-0/INFO] - cloth_config: 11.1.136
[19:16:44] [modloading-worker-0/INFO] - clumps: 12.0.0.4
[19:16:44] [modloading-worker-0/INFO] - cobweb: 1.0.0
[19:16:44] [modloading-worker-0/INFO] - collective: 7.87
[19:16:44] [modloading-worker-0/INFO] - combatroll: 1.3.3+1.20.1
[19:16:44] [modloading-worker-0/INFO] - conditional_mixin: 0.6.2
[19:16:44] [modloading-worker-0/INFO] - controlling: 12.0.2
[19:16:44] [modloading-worker-0/INFO] - coroutil: 1.20.1-1.3.7
[19:16:44] [modloading-worker-0/INFO] - create: 0.5.1.j
[19:16:44] [modloading-worker-0/INFO] - create_structures: 0.1.1
[19:16:44] [modloading-worker-0/INFO] - createaddition: 1.20.1-1.2.4e
[19:16:44] [modloading-worker-0/INFO] - createdeco: 2.0.2-1.20.1-forge
[19:16:44] [modloading-worker-0/INFO] - creativecore: 2.12.25
[19:16:44] [modloading-worker-0/INFO] - creeperoverhaul: 3.0.2
[19:16:44] [modloading-worker-0/INFO] - creepycreepers: 5.10.1
[19:16:44] [modloading-worker-0/INFO] - cristellib: 1.1.6
[19:16:44] [modloading-worker-0/INFO] - ctov: 3.4.10
[19:16:44] [modloading-worker-0/INFO] - curios: 5.11.0+1.20.1
[19:16:44] [modloading-worker-0/INFO] - deeperdarker: 1.3.3
[19:16:44] [modloading-worker-0/INFO] - doggytalents: 1.18.38
[19:16:44] [modloading-worker-0/INFO] - dungeons_arise: 2.1.57-1.20.1
[19:16:44] [modloading-worker-0/INFO] - durabilitytooltip: 1.1.5
[19:16:44] [modloading-worker-0/INFO] - dynamic_fps: 3.7.7
[19:16:44] [modloading-worker-0/INFO] - dynamiclights: 1.8.5+mod
[19:16:44] [modloading-worker-0/INFO] - easyanvils: 8.0.2
[19:16:44] [modloading-worker-0/INFO] - easymagic: 8.0.1
[19:16:44] [modloading-worker-0/INFO] - ecologics: 2.2.0
[19:16:44] [modloading-worker-0/INFO] - ecologicsdelight: 1.0.3-1.20.1
[19:16:44] [modloading-worker-0/INFO] - elytraslot: 6.4.4+1.20.1
[19:16:44] [modloading-worker-0/INFO] - elytratrims: 3.5.4
[19:16:44] [modloading-worker-0/INFO] - embeddium_extra: 0.5.4.3+mc1.20.1-build.121
[19:16:44] [modloading-worker-0/INFO] - enchdesc: 17.1.19
[19:16:44] [modloading-worker-0/INFO] - endermanoverhaul: 1.0.4
[19:16:44] [modloading-worker-0/INFO] - endrem: 5.3.3-R-1.20.1
[19:16:44] [modloading-worker-0/INFO] - entityculling: 1.7.2
[19:16:44] [modloading-worker-0/INFO] - explorify: 1.6.2
[19:16:44] [modloading-worker-0/INFO] - fallingtree: 4.3.4
[19:16:44] [modloading-worker-0/INFO] - farmersdelight: 1.20.1-1.2.6
[19:16:44] [modloading-worker-0/INFO] - fastconfigapi: 2.1.0
[19:16:44] [modloading-worker-0/INFO] - fastload: 3.4.0
[19:16:44] [modloading-worker-0/INFO] - ferritecore: 6.0.1
[19:16:44] [modloading-worker-0/INFO] - flywheel: 0.6.11-13
[19:16:44] [modloading-worker-0/INFO] - forge: 47.3.7
[19:16:44] [modloading-worker-0/INFO] - fpsreducer: 1.20-2.5
[19:16:44] [modloading-worker-0/INFO] - geckolib: 4.4.9
[19:16:44] [modloading-worker-0/INFO] - geophilic: 3.1.4
[19:16:44] [modloading-worker-0/INFO] - glitchcore: 0.0.1.1
[19:16:44] [modloading-worker-0/INFO] - gravestone: 1.20.1-1.0.24
[19:16:44] [modloading-worker-0/INFO] - helditemtooltips: 8.0.0
[19:16:44] [modloading-worker-0/INFO] - highlighter: 1.1.9
[19:16:44] [modloading-worker-0/INFO] - iceandfire: 2.1.13-1.20.1
[19:16:44] [modloading-worker-0/INFO] - iceberg: 1.1.25
[19:16:44] [modloading-worker-0/INFO] - immediatelyfast: 1.3.3+1.20.4
[19:16:44] [modloading-worker-0/INFO] - immersive_armors: 1.6.1+1.20.1
[19:16:44] [modloading-worker-0/INFO] - immersive_melodies: 0.3.0+1.20.1
[19:16:44] [modloading-worker-0/INFO] - immersive_weathering: 1.20.1-2.0.3
[19:16:44] [modloading-worker-0/INFO] - incendium: 5.3.5
[19:16:44] [modloading-worker-0/INFO] - infinitetrading: 4.5
[19:16:44] [modloading-worker-0/INFO] - inventoryprofilesnext: 1.10.11
[19:16:44] [modloading-worker-0/INFO] - invmove: 0.8.4
[19:16:44] [modloading-worker-0/INFO] - itemborders: 1.2.2
[19:16:44] [modloading-worker-0/INFO] - jade: 11.12.2+forge
[19:16:44] [modloading-worker-0/INFO] - jei: 15.20.0.105
[19:16:44] [modloading-worker-0/INFO] - jumpoverfences: 1.3.1
[19:16:44] [modloading-worker-0/INFO] - justhammers: 2.0.3+mc1.20.1
[19:16:44] [modloading-worker-0/INFO] - kambrik: 6.1.1+1.20.1
[19:16:44] [modloading-worker-0/INFO] - kiwi: 11.8.20+forge
[19:16:44] [modloading-worker-0/INFO] - konkrete: 1.8.0
[19:16:44] [modloading-worker-0/INFO] - kotlinforforge: 4.11.0
[19:16:44] [modloading-worker-0/INFO] - kuma_api: 20.1.8
[19:16:44] [modloading-worker-0/INFO] - labellingcontainers: 1.8.0
[19:16:44] [modloading-worker-0/INFO] - libipn: 4.0.2
[19:16:44] [modloading-worker-0/INFO] - lionfishapi: 2.4
[19:16:44] [modloading-worker-0/INFO] - lithostitched: 1.3.8
[19:16:44] [modloading-worker-0/INFO] - mavapi: 1.1.4
[19:16:44] [modloading-worker-0/INFO] - mavm: 1.2.6
[19:16:44] [modloading-worker-0/INFO] - medieval_buildings: 1.0.2
[19:16:44] [modloading-worker-0/INFO] - memoryleakfix: 1.1.5
[19:16:44] [modloading-worker-0/INFO] - minecraft: 1.20.1
[19:16:44] [modloading-worker-0/INFO] - mixinextras: 0.2.0-beta.6
[19:16:44] [modloading-worker-0/INFO] - mixinsquared: 0.1.2-beta.6
[19:16:44] [modloading-worker-0/INFO] - mobcaptains: 3.1.1
[19:16:44] [modloading-worker-0/INFO] - modelfix: 1.15
[19:16:44] [modloading-worker-0/INFO] - modernfix: 5.19.7+mc1.20.1
[19:16:44] [modloading-worker-0/INFO] - moonlight: 1.20-2.13.37
[19:16:44] [modloading-worker-0/INFO] - moremobvariants: 1.3.0.1
[19:16:44] [modloading-worker-0/INFO] - moretotems: 2.16.0
[19:16:44] [modloading-worker-0/INFO] - mousetweaks: 2.25.1
[19:16:44] [modloading-worker-0/INFO] - mowziesdelight: 1.1.2.1-1.20.1
[19:16:44] [modloading-worker-0/INFO] - mowziesmobs: 1.6.4
[19:16:44] [modloading-worker-0/INFO] - mr_dungeons_andtaverns: 3.0.3.f
[19:16:44] [modloading-worker-0/INFO] - mr_limesplatus_ending: 1-v1.1.0c
[19:16:44] [modloading-worker-0/INFO] - mru: 1.0.4+1.20.1+forge
[19:16:44] [modloading-worker-0/INFO] - mutantmonsters: 8.0.7
[19:16:44] [modloading-worker-0/INFO] - naturalist: 4.0.3
[19:16:44] [modloading-worker-0/INFO] - netherchested: 8.0.4
[19:16:44] [modloading-worker-0/INFO] - netherportalfix: 13.0.1
[19:16:44] [modloading-worker-0/INFO] - nochatreports: 1.20.1-v2.2.2
[19:16:44] [modloading-worker-0/INFO] - notenoughanimations: 1.8.2
[19:16:44] [modloading-worker-0/INFO] - nullscape: 1.2.8
[19:16:44] [modloading-worker-0/INFO] - nyfsspiders: 2.1.1
[19:16:44] [modloading-worker-0/INFO] - obscure_api: 15
[19:16:44] [modloading-worker-0/INFO] - oceansdelight: 1.0.2-1.20
[19:16:44] [modloading-worker-0/INFO] - personality: 4.0.0
[19:16:44] [modloading-worker-0/INFO] - philipsruins: 4.6
[19:16:44] [modloading-worker-0/INFO] - pickupnotifier: 8.0.0
[19:16:44] [modloading-worker-0/INFO] - playeranimator: 1.0.2-rc1+1.20
[19:16:44] [modloading-worker-0/INFO] - prism: 1.0.5
[19:16:44] [modloading-worker-0/INFO] - puzzlesaccessapi: 8.0.9
[19:16:44] [modloading-worker-0/INFO] - puzzlesapi: 8.1.7
[19:16:44] [modloading-worker-0/INFO] - puzzleslib: 8.1.25
[19:16:44] [modloading-worker-0/INFO] - quark: 4.0-460
[19:16:44] [modloading-worker-0/INFO] - quarkoddities: 1.20.1
[19:16:44] [modloading-worker-0/INFO] - resourcefulconfig: 2.1.2
[19:16:44] [modloading-worker-0/INFO] - resourcefullib: 2.1.29
[19:16:44] [modloading-worker-0/INFO] - rightclickharvest: 3.2.3+1.20.1-forge
[19:16:44] [modloading-worker-0/INFO] - roughlyenoughitems: 12.1.785
[19:16:44] [modloading-worker-0/INFO] - searchables: 1.0.3
[19:16:44] [modloading-worker-0/INFO] - sereneseasons: 9.1.0.0
[19:16:44] [modloading-worker-0/INFO] - shulkerboxtooltip: 4.0.4+1.20.1
[19:16:44] [modloading-worker-0/INFO] - simplyswords: 1.56.0-1.20.1
[19:16:44] [modloading-worker-0/INFO] - sitmod: 2.0.1
[19:16:44] [modloading-worker-0/INFO] - skinlayers3d: 1.7.4
[19:16:44] [modloading-worker-0/INFO] - smallships: 2.0.0-b1.4
[19:16:44] [modloading-worker-0/INFO] - soul_fire_d: 4.0.6
[19:16:44] [modloading-worker-0/INFO] - sound_physics_remastered: 1.20.1-1.4.7
[19:16:44] [modloading-worker-0/INFO] - spark: 1.10.53
[19:16:44] [modloading-worker-0/INFO] - spartanshields: 3.1.1
[19:16:44] [modloading-worker-0/INFO] - spelunkers_charm: 3.6.0
[19:16:44] [modloading-worker-0/INFO] - stackrefill: 4.5
[19:16:44] [modloading-worker-0/INFO] - stoneworks: 8.0.0
[19:16:44] [modloading-worker-0/INFO] - structory: 1.3.5
[19:16:44] [modloading-worker-0/INFO] - supermartijn642configlib: 1.1.8
[19:16:44] [modloading-worker-0/INFO] - supermartijn642corelib: 1.1.17+a
[19:16:44] [modloading-worker-0/INFO] - supplementaries: 1.20-3.1.10
[19:16:44] [modloading-worker-0/INFO] - t_and_t: 0.0NONE
[19:16:44] [modloading-worker-0/INFO] - takesapillage: 1.0.3
[19:16:44] [modloading-worker-0/INFO] - tectonic: 2.4.1
[19:16:44] [modloading-worker-0/INFO] - terrablender: 3.0.1.7
[19:16:44] [modloading-worker-0/INFO] - terralith: 2.5.4
[19:16:44] [modloading-worker-0/INFO] - totw_modded: 1.0.5
[19:16:44] [modloading-worker-0/INFO] - toughasnails: 9.2.0.171
[19:16:44] [modloading-worker-0/INFO] - travelerstitles: 1.20-Forge-4.0.2
[19:16:44] [modloading-worker-0/INFO] - universalbonemeal: 8.0.1
[19:16:44] [modloading-worker-0/INFO] - villagernames: 8.1
[19:16:44] [modloading-worker-0/INFO] - voicechat: 1.20.1-2.5.26
[19:16:44] [modloading-worker-0/INFO] - void_lib: 1.1.5
[19:16:44] [modloading-worker-0/INFO] - watching: 1.9.2
[19:16:44] [modloading-worker-0/INFO] - watut: 1.20.1-1.1.3
[19:16:44] [modloading-worker-0/INFO] - waveycapes: 1.4.13
[19:16:44] [modloading-worker-0/INFO] - waystones: 14.1.6
[19:16:44] [modloading-worker-0/INFO] - weaponmaster_ydm: 4.2.3
[19:16:44] [modloading-worker-0/INFO] - xaerominimap: 24.6.1
[19:16:44] [modloading-worker-0/INFO] - xaeroworldmap: 1.39.2
[19:16:44] [modloading-worker-0/INFO] - yet_another_config_lib_v3: 3.6.2+1.20.1-forge
[19:16:44] [modloading-worker-0/INFO] - yungsapi: 1.20-Forge-4.0.6
[19:16:44] [modloading-worker-0/INFO] - yungsbridges: 1.20-Forge-4.0.3
[19:16:44] [modloading-worker-0/INFO] - yungsextras: 1.20-Forge-4.0.3
[19:16:44] [modloading-worker-0/INFO] - zeta: 1.0-24
[19:16:44] [modloading-worker-0/INFO] ========================================
[19:16:44] [modloading-worker-0/INFO] [REI] Registered plugin provider DefaultPluginImpl [roughlyenoughitems] for REIServerPlugin
[19:16:44] [modloading-worker-0/INFO] [REI] Registered plugin provider DefaultPluginImpl [roughlyenoughitems] for REIPlugin
[19:16:44] [modloading-worker-0/INFO] [REI] Registered plugin provider DefaultRuntimePlugin [roughlyenoughitems] for REIServerPlugin
[19:16:44] [modloading-worker-0/INFO] [REI] Registered plugin provider DefaultRuntimePlugin [roughlyenoughitems] for REIPlugin
[19:17:05] [Worker-Main-1/DEBUG] [REI] Processed 26 tags in 648.5 μs for minecraft:banner_pattern
[19:17:06] [Worker-Main-1/DEBUG] [REI] Processed 1 tags in 13.32 μs for minecraft:recipe_serializer
[19:17:06] [Worker-Main-1/DEBUG] [REI] Processed 0 tags in 8.987 μs for minecraft:worldgen/processor_list
[19:17:06] [Worker-Main-1/DEBUG] [REI] Processed 1 tags in 42.14 μs for minecraft:enchantment
[19:17:06] [Worker-Main-1/DEBUG] [REI] Processed 4 tags in 31.41 μs for minecraft:instrument
[19:17:06] [Worker-Main-1/DEBUG] [REI] Processed 7 tags in 145.7 μs for minecraft:game_event
[19:17:06] [Worker-Main-1/DEBUG] [REI] Processed 0 tags in 57.41 μs for minecraft:worldgen/structure
[19:17:06] [Worker-Main-1/DEBUG] [REI] Processed 143 tags in 1.997 ms for minecraft:entity_type
[19:17:06] [Worker-Main-1/DEBUG] [REI] Processed 0 tags in 16.89 μs for minecraft:damage_type
[19:17:06] [Worker-Main-1/DEBUG] [REI] Processed 0 tags in 9.007 μs for moonlight:soft_fluids
[19:17:06] [Worker-Main-1/DEBUG] [REI] Processed 0 tags in 8.206 μs for minecraft:trim_material
[19:17:06] [Worker-Main-1/DEBUG] [REI] Processed 0 tags in 6.632 μs for minecraft:worldgen/world_preset
[19:17:07] [Worker-Main-1/DEBUG] [REI] Processed 2 tags in 34.25 μs for minecraft:cat_variant
[19:17:07] [Worker-Main-1/DEBUG] [REI] Processed 0 tags in 16.32 μs for minecraft:worldgen/flat_level_generator_preset
[19:17:07] [Worker-Main-1/DEBUG] [REI] Processed 3 tags in 131.9 μs for minecraft:point_of_interest_type
[19:17:07] [Worker-Main-1/DEBUG] [REI] Processed 832 tags in 8.644 ms for minecraft:block
[19:17:07] [Worker-Main-1/DEBUG] [REI] Processed 0 tags in 9.918 μs for minecraft:worldgen/structure_set
[19:17:07] [Worker-Main-1/DEBUG] [REI] Processed 1 tags in 10.75 μs for minecraft:potion
[19:17:07] [Worker-Main-1/DEBUG] [REI] Processed 0 tags in 175.2 μs for minecraft:worldgen/biome
[19:17:07] [Worker-Main-1/DEBUG] [REI] Processed 2 tags in 39.55 μs for minecraft:mob_effect
[19:17:07] [Worker-Main-1/DEBUG] [REI] Processed 2 tags in 109.5 μs for minecraft:painting_variant
[19:17:07] [Worker-Main-1/DEBUG] [REI] Processed 17 tags in 61.27 μs for minecraft:fluid
[19:17:08] [Worker-Main-1/DEBUG] [REI] Processed 1039 tags in 5.152 ms for minecraft:item
[19:17:08] [Worker-Main-1/DEBUG] [REI] Processed 0 tags in 9.998 μs for minecraft:worldgen/density_function
[19:17:08] [Worker-Main-1/DEBUG] [REI] Processed 0 tags in 9.858 μs for minecraft:dimension_type
[19:17:19] [main/DEBUG] [REI] Starting Reload Plugins of stage null
java.lang.Throwable
	at TRANSFORMER/roughlyenoughitems@12.1.785/me.shedaniel.rei.impl.common.plugins.ReloadManagerImpl.reloadPlugins(ReloadManagerImpl.java:110)
	at TRANSFORMER/roughlyenoughitems@12.1.785/me.shedaniel.rei.RoughlyEnoughItemsCore.lambda$onInitialize$5(RoughlyEnoughItemsCore.java:163)
	at java.base/java.util.concurrent.CompletableFuture$UniRun.tryFire(CompletableFuture.java:787)
	at java.base/java.util.concurrent.CompletableFuture$Completion.run(CompletableFuture.java:482)
	at TRANSFORMER/minecraft@1.20.1/net.minecraft.server.packs.resources.SimpleReloadInstance.m_143940_(SimpleReloadInstance.java:69)
	at TRANSFORMER/minecraft@1.20.1/net.minecraft.Util.m_214652_(Util.java:783)
	at TRANSFORMER/minecraft@1.20.1/net.minecraft.Util.m_214679_(Util.java:772)
	at TRANSFORMER/minecraft@1.20.1/net.minecraft.server.Main.main(Main.java:166)
	at java.base/jdk.internal.reflect.DirectMethodHandleAccessor.invoke(DirectMethodHandleAccessor.java:103)
	at java.base/java.lang.reflect.Method.invoke(Method.java:580)
	at MC-BOOTSTRAP/fmlloader@1.20.1-47.3.7/net.minecraftforge.fml.loading.targets.CommonLaunchHandler.runTarget(CommonLaunchHandler.java:111)
	at MC-BOOTSTRAP/fmlloader@1.20.1-47.3.7/net.minecraftforge.fml.loading.targets.CommonLaunchHandler.serverService(CommonLaunchHandler.java:103)
	at MC-BOOTSTRAP/fmlloader@1.20.1-47.3.7/net.minecraftforge.fml.loading.targets.CommonServerLaunchHandler.lambda$makeService$0(CommonServerLaunchHandler.java:27)
	at MC-BOOTSTRAP/cpw.mods.modlauncher@10.0.9/cpw.mods.modlauncher.LaunchServiceHandlerDecorator.launch(LaunchServiceHandlerDecorator.java:30)
	at MC-BOOTSTRAP/cpw.mods.modlauncher@10.0.9/cpw.mods.modlauncher.LaunchServiceHandler.launch(LaunchServiceHandler.java:53)
	at MC-BOOTSTRAP/cpw.mods.modlauncher@10.0.9/cpw.mods.modlauncher.LaunchServiceHandler.launch(LaunchServiceHandler.java:71)
	at MC-BOOTSTRAP/cpw.mods.modlauncher@10.0.9/cpw.mods.modlauncher.Launcher.run(Launcher.java:108)
	at MC-BOOTSTRAP/cpw.mods.modlauncher@10.0.9/cpw.mods.modlauncher.Launcher.main(Launcher.java:78)
	at MC-BOOTSTRAP/cpw.mods.modlauncher@10.0.9/cpw.mods.modlauncher.BootstrapLaunchConsumer.accept(BootstrapLaunchConsumer.java:26)
	at MC-BOOTSTRAP/cpw.mods.modlauncher@10.0.9/cpw.mods.modlauncher.BootstrapLaunchConsumer.accept(BootstrapLaunchConsumer.java:23)
	at cpw.mods.bootstraplauncher@1.1.2/cpw.mods.bootstraplauncher.BootstrapLauncher.main(BootstrapLauncher.java:141)
[19:17:19] [main/DEBUG] [REI] ========================================
[19:17:19] [main/DEBUG] [REI] REIPlugin starting pre-reload for START.
[19:17:19] [main/DEBUG] [REI] Reloadables (7):
[19:17:19] [main/DEBUG] [REI]  - EntryTypeRegistryImpl
[19:17:19] [main/DEBUG] [REI]  - EntrySettingsAdapterRegistryImpl
[19:17:19] [main/DEBUG] [REI]  - RecipeManagerContextImpl
[19:17:19] [main/DEBUG] [REI]  - ItemComparatorRegistryImpl
[19:17:19] [main/DEBUG] [REI]  - FluidComparatorRegistryImpl
[19:17:19] [main/DEBUG] [REI]  - DisplaySerializerRegistryImpl
[19:17:19] [main/DEBUG] [REI]  - FluidSupportProviderImpl
[19:17:19] [main/DEBUG] [REI] Plugins (2):
[19:17:19] [main/DEBUG] [REI]  - (-100.00) DefaultPluginImpl of DefaultPluginImpl [roughlyenoughitems]
[19:17:19] [main/DEBUG] [REI]  - (0.00) DefaultRuntimePlugin of DefaultRuntimePlugin [roughlyenoughitems]
[19:17:19] [main/DEBUG] [REI] ========================================
[19:17:19] [main/TRACE] [REI] [REIPlugin START] Reloading Section: "pre-register/"
[19:17:19] [main/TRACE] [REI] [REIPlugin START] Reloading Section: "pre-register/DefaultPluginImpl of DefaultPluginImpl [roughlyenoughitems]/"
[19:17:19] [main/TRACE] [REI] [REIPlugin START] Reloading Section: "pre-register/DefaultPluginImpl of DefaultPluginImpl [roughlyenoughitems]/" done in 927.3 μs
[19:17:19] [main/TRACE] [REI] [REIPlugin START] Reloading Section: "pre-register/DefaultRuntimePlugin of DefaultRuntimePlugin [roughlyenoughitems]/"
[19:17:19] [main/TRACE] [REI] [REIPlugin START] Reloading Section: "pre-register/DefaultRuntimePlugin of DefaultRuntimePlugin [roughlyenoughitems]/" done in 139.1 μs
[19:17:19] [main/TRACE] [REI] [REIPlugin START] Reloading Section: "pre-register/" done in 16.09 ms
[19:17:19] [main/TRACE] [REI] [REIPlugin START] Reloading Section: "pre-stage/"
[19:17:19] [main/TRACE] [REI] [REIPlugin START] Reloading Section: "pre-stage/EntryTypeRegistryImpl/"
[19:17:19] [main/TRACE] [REI] [REIPlugin START] Reloading Section: "pre-stage/EntryTypeRegistryImpl/" done in 285.3 μs
[19:17:19] [main/TRACE] [REI] [REIPlugin START] Reloading Section: "pre-stage/EntrySettingsAdapterRegistryImpl/"
[19:17:19] [main/TRACE] [REI] [REIPlugin START] Reloading Section: "pre-stage/EntrySettingsAdapterRegistryImpl/" done in 117.2 μs
[19:17:19] [main/TRACE] [REI] [REIPlugin START] Reloading Section: "pre-stage/RecipeManagerContextImpl/"
[19:17:19] [main/TRACE] [REI] [REIPlugin START] Reloading Section: "pre-stage/RecipeManagerContextImpl/" done in 111.3 μs
[19:17:19] [main/TRACE] [REI] [REIPlugin START] Reloading Section: "pre-stage/ItemComparatorRegistryImpl/"
[19:17:19] [main/TRACE] [REI] [REIPlugin START] Reloading Section: "pre-stage/ItemComparatorRegistryImpl/" done in 111.3 μs
[19:17:19] [main/TRACE] [REI] [REIPlugin START] Reloading Section: "pre-stage/FluidComparatorRegistryImpl/"
[19:17:19] [main/TRACE] [REI] [REIPlugin START] Reloading Section: "pre-stage/FluidComparatorRegistryImpl/" done in 109.5 μs
[19:17:19] [main/TRACE] [REI] [REIPlugin START] Reloading Section: "pre-stage/DisplaySerializerRegistryImpl/"
[19:17:19] [main/TRACE] [REI] [REIPlugin START] Reloading Section: "pre-stage/DisplaySerializerRegistryImpl/" done in 109.6 μs
[19:17:19] [main/TRACE] [REI] [REIPlugin START] Reloading Section: "pre-stage/FluidSupportProviderImpl/"
[19:17:19] [main/TRACE] [REI] [REIPlugin START] Reloading Section: "pre-stage/FluidSupportProviderImpl/" done in 105.0 μs
[19:17:19] [main/TRACE] [REI] [REIPlugin START] Reloading Section: "pre-stage/" done in 2.483 ms
[19:17:19] [main/DEBUG] [REI] ========================================
[19:17:19] [main/DEBUG] [REI] REIPlugin finished pre-reload for START in 19.22 ms.
[19:17:19] [main/DEBUG] [REI] ========================================
[19:17:19] [main/DEBUG] [REI] ========================================
[19:17:19] [main/DEBUG] [REI] REIServerPlugin starting pre-reload for START.
[19:17:19] [main/DEBUG] [REI] Reloadables (2):
[19:17:19] [main/DEBUG] [REI]  - MenuInfoRegistryImpl
[19:17:19] [main/DEBUG] [REI]  - SlotAccessorRegistryImpl
[19:17:19] [main/DEBUG] [REI] Plugins (2):
[19:17:19] [main/DEBUG] [REI]  - (-100.00) DefaultPluginImpl of DefaultPluginImpl [roughlyenoughitems]
[19:17:19] [main/DEBUG] [REI]  - (0.00) DefaultRuntimePlugin of DefaultRuntimePlugin [roughlyenoughitems]
[19:17:19] [main/DEBUG] [REI] ========================================
[19:17:19] [main/TRACE] [REI] [REIServerPlugin START] Reloading Section: "pre-register/"
[19:17:19] [main/TRACE] [REI] [REIServerPlugin START] Reloading Section: "pre-register/DefaultPluginImpl of DefaultPluginImpl [roughlyenoughitems]/"
[19:17:19] [main/TRACE] [REI] [REIServerPlugin START] Reloading Section: "pre-register/DefaultPluginImpl of DefaultPluginImpl [roughlyenoughitems]/" done in 127.7 μs
[19:17:19] [main/TRACE] [REI] [REIServerPlugin START] Reloading Section: "pre-register/DefaultRuntimePlugin of DefaultRuntimePlugin [roughlyenoughitems]/"
[19:17:19] [main/TRACE] [REI] [REIServerPlugin START] Reloading Section: "pre-register/DefaultRuntimePlugin of DefaultRuntimePlugin [roughlyenoughitems]/" done in 109.2 μs
[19:17:19] [main/TRACE] [REI] [REIServerPlugin START] Reloading Section: "pre-register/" done in 674.4 μs
[19:17:19] [main/TRACE] [REI] [REIServerPlugin START] Reloading Section: "pre-stage/"
[19:17:19] [main/TRACE] [REI] [REIServerPlugin START] Reloading Section: "pre-stage/MenuInfoRegistryImpl/"
[19:17:19] [main/TRACE] [REI] [REIServerPlugin START] Reloading Section: "pre-stage/MenuInfoRegistryImpl/" done in 106.8 μs
[19:17:19] [main/TRACE] [REI] [REIServerPlugin START] Reloading Section: "pre-stage/SlotAccessorRegistryImpl/"
[19:17:19] [main/TRACE] [REI] [REIServerPlugin START] Reloading Section: "pre-stage/SlotAccessorRegistryImpl/" done in 109.4 μs
[19:17:19] [main/TRACE] [REI] [REIServerPlugin START] Reloading Section: "pre-stage/" done in 593.7 μs
[19:17:19] [main/DEBUG] [REI] ========================================
[19:17:19] [main/DEBUG] [REI] REIServerPlugin finished pre-reload for START in 1.514 ms.
[19:17:19] [main/DEBUG] [REI] ========================================
[19:17:19] [main/INFO] [REI] ========================================
[19:17:19] [main/INFO] [REI] REIPlugin starting main-reload for START.
[19:17:19] [main/DEBUG] [REI] Reloadables (7):
[19:17:19] [main/DEBUG] [REI]  - EntryTypeRegistryImpl
[19:17:19] [main/DEBUG] [REI]  - EntrySettingsAdapterRegistryImpl
[19:17:19] [main/DEBUG] [REI]  - RecipeManagerContextImpl
[19:17:19] [main/DEBUG] [REI]  - ItemComparatorRegistryImpl
[19:17:19] [main/DEBUG] [REI]  - FluidComparatorRegistryImpl
[19:17:19] [main/DEBUG] [REI]  - DisplaySerializerRegistryImpl
[19:17:19] [main/DEBUG] [REI]  - FluidSupportProviderImpl
[19:17:19] [main/INFO] [REI] Plugins (2):
[19:17:19] [main/INFO] [REI]  - (-100.00) DefaultPluginImpl of DefaultPluginImpl [roughlyenoughitems]
[19:17:19] [main/INFO] [REI]  - (0.00) DefaultRuntimePlugin of DefaultRuntimePlugin [roughlyenoughitems]
[19:17:19] [main/INFO] [REI] ========================================
[19:17:19] [main/TRACE] [REI] [REIPlugin START] Reloading Section: "start-reload/"
[19:17:19] [main/TRACE] [REI] [REIPlugin START] Reloading Section: "start-reload/EntryTypeRegistryImpl/"
[19:17:19] [main/TRACE] [REI] [REIPlugin START] Reloading Section: "start-reload/EntryTypeRegistryImpl/" done in 175.7 μs
[19:17:19] [main/TRACE] [REI] [REIPlugin START] Reloading Section: "start-reload/EntrySettingsAdapterRegistryImpl/"
[19:17:19] [main/TRACE] [REI] [REIPlugin START] Reloading Section: "start-reload/EntrySettingsAdapterRegistryImpl/" done in 141.7 μs
[19:17:19] [main/TRACE] [REI] [REIPlugin START] Reloading Section: "start-reload/RecipeManagerContextImpl/"
[19:17:19] [main/TRACE] [REI] [REIPlugin START] Reloading Section: "start-reload/RecipeManagerContextImpl/" done in 147.0 μs
[19:17:19] [main/TRACE] [REI] [REIPlugin START] Reloading Section: "start-reload/ItemComparatorRegistryImpl/"
[19:17:19] [main/TRACE] [REI] [REIPlugin START] Reloading Section: "start-reload/ItemComparatorRegistryImpl/" done in 157.6 μs
[19:17:19] [main/TRACE] [REI] [REIPlugin START] Reloading Section: "start-reload/FluidComparatorRegistryImpl/"
[19:17:19] [main/TRACE] [REI] [REIPlugin START] Reloading Section: "start-reload/FluidComparatorRegistryImpl/" done in 143.4 μs
[19:17:19] [main/TRACE] [REI] [REIPlugin START] Reloading Section: "start-reload/DisplaySerializerRegistryImpl/"
[19:17:19] [main/TRACE] [REI] [REIPlugin START] Reloading Section: "start-reload/DisplaySerializerRegistryImpl/" done in 316.9 μs
[19:17:19] [main/TRACE] [REI] [REIPlugin START] Reloading Section: "start-reload/FluidSupportProviderImpl/"
[19:17:19] [main/TRACE] [REI] [REIPlugin START] Reloading Section: "start-reload/FluidSupportProviderImpl/" done in 124.6 μs
[19:17:19] [main/TRACE] [REI] [REIPlugin START] Reloading Section: "start-reload/" done in 3.404 ms
[19:17:19] [main/DEBUG] [REI] ========================================
[19:17:19] [main/DEBUG] [REI] REIPlugin started main-reload for START.
[19:17:19] [main/DEBUG] [REI] ========================================
[19:17:19] [main/TRACE] [REI] [REIPlugin START] Reloading Section: "reloadable-plugin/EntryTypeRegistryImpl/"
[19:17:19] [main/TRACE] [REI] [REIPlugin START] Reloading Section: "reloadable-plugin/EntryTypeRegistryImpl/DefaultPluginImpl of DefaultPluginImpl [roughlyenoughitems]/"
[19:17:19] [main/TRACE] [REI] [REIPlugin START] Reloading Section: "reloadable-plugin/EntryTypeRegistryImpl/DefaultPluginImpl of DefaultPluginImpl [roughlyenoughitems]/" done in 328.9 μs
[19:17:19] [main/TRACE] [REI] [REIPlugin START] Reloading Section: "reloadable-plugin/EntryTypeRegistryImpl/DefaultRuntimePlugin of DefaultRuntimePlugin [roughlyenoughitems]/"
[19:17:19] [main/TRACE] [REI] [REIPlugin START] Reloading Section: "reloadable-plugin/EntryTypeRegistryImpl/DefaultRuntimePlugin of DefaultRuntimePlugin [roughlyenoughitems]/" done in 8.107 ms
[19:17:19] [main/TRACE] [REI] [REIPlugin START] Reloading Section: "reloadable-plugin/EntryTypeRegistryImpl/" done in 9.489 ms
[19:17:19] [main/TRACE] [REI] [REIPlugin START] Reloading Section: "reloadable-plugin/EntrySettingsAdapterRegistryImpl/"
[19:17:19] [main/TRACE] [REI] [REIPlugin START] Reloading Section: "reloadable-plugin/EntrySettingsAdapterRegistryImpl/DefaultPluginImpl of DefaultPluginImpl [roughlyenoughitems]/"
[19:17:19] [main/TRACE] [REI] [REIPlugin START] Reloading Section: "reloadable-plugin/EntrySettingsAdapterRegistryImpl/DefaultPluginImpl of DefaultPluginImpl [roughlyenoughitems]/" done in 143.2 μs
[19:17:19] [main/TRACE] [REI] [REIPlugin START] Reloading Section: "reloadable-plugin/EntrySettingsAdapterRegistryImpl/DefaultRuntimePlugin of DefaultRuntimePlugin [roughlyenoughitems]/"
[19:17:19] [main/TRACE] [REI] [REIPlugin START] Reloading Section: "reloadable-plugin/EntrySettingsAdapterRegistryImpl/DefaultRuntimePlugin of DefaultRuntimePlugin [roughlyenoughitems]/" done in 153.0 μs
[19:17:19] [main/TRACE] [REI] [REIPlugin START] Reloading Section: "reloadable-plugin/EntrySettingsAdapterRegistryImpl/" done in 807.2 μs
[19:17:19] [main/TRACE] [REI] [REIPlugin START] Reloading Section: "reloadable-plugin/RecipeManagerContextImpl/"
[19:17:19] [main/TRACE] [REI] [REIPlugin START] Reloading Section: "reloadable-plugin/RecipeManagerContextImpl/DefaultPluginImpl of DefaultPluginImpl [roughlyenoughitems]/"
[19:17:19] [main/TRACE] [REI] [REIPlugin START] Reloading Section: "reloadable-plugin/RecipeManagerContextImpl/DefaultPluginImpl of DefaultPluginImpl [roughlyenoughitems]/" done in 129.4 μs
[19:17:19] [main/TRACE] [REI] [REIPlugin START] Reloading Section: "reloadable-plugin/RecipeManagerContextImpl/DefaultRuntimePlugin of DefaultRuntimePlugin [roughlyenoughitems]/"
[19:17:19] [main/TRACE] [REI] [REIPlugin START] Reloading Section: "reloadable-plugin/RecipeManagerContextImpl/DefaultRuntimePlugin of DefaultRuntimePlugin [roughlyenoughitems]/" done in 142.3 μs
[19:17:19] [main/TRACE] [REI] [REIPlugin START] Reloading Section: "reloadable-plugin/RecipeManagerContextImpl/" done in 1.100 ms
[19:17:19] [main/TRACE] [REI] [REIPlugin START] Reloading Section: "reloadable-plugin/ItemComparatorRegistryImpl/"
[19:17:19] [main/TRACE] [REI] [REIPlugin START] Reloading Section: "reloadable-plugin/ItemComparatorRegistryImpl/DefaultPluginImpl of DefaultPluginImpl [roughlyenoughitems]/"
[19:17:19] [main/TRACE] [REI] [REIPlugin START] Reloading Section: "reloadable-plugin/ItemComparatorRegistryImpl/DefaultPluginImpl of DefaultPluginImpl [roughlyenoughitems]/" done in 1.058 ms
[19:17:19] [main/TRACE] [REI] [REIPlugin START] Reloading Section: "reloadable-plugin/ItemComparatorRegistryImpl/DefaultRuntimePlugin of DefaultRuntimePlugin [roughlyenoughitems]/"
[19:17:19] [main/TRACE] [REI] [REIPlugin START] Reloading Section: "reloadable-plugin/ItemComparatorRegistryImpl/DefaultRuntimePlugin of DefaultRuntimePlugin [roughlyenoughitems]/" done in 57.13 μs
[19:17:19] [main/TRACE] [REI] [REIPlugin START] Reloading Section: "reloadable-plugin/ItemComparatorRegistryImpl/" done in 1.361 ms
[19:17:19] [main/TRACE] [REI] [REIPlugin START] Reloading Section: "reloadable-plugin/FluidComparatorRegistryImpl/"
[19:17:19] [main/TRACE] [REI] [REIPlugin START] Reloading Section: "reloadable-plugin/FluidComparatorRegistryImpl/DefaultPluginImpl of DefaultPluginImpl [roughlyenoughitems]/"
[19:17:19] [main/TRACE] [REI] [REIPlugin START] Reloading Section: "reloadable-plugin/FluidComparatorRegistryImpl/DefaultPluginImpl of DefaultPluginImpl [roughlyenoughitems]/" done in 64.34 μs
[19:17:19] [main/TRACE] [REI] [REIPlugin START] Reloading Section: "reloadable-plugin/FluidComparatorRegistryImpl/DefaultRuntimePlugin of DefaultRuntimePlugin [roughlyenoughitems]/"
[19:17:19] [main/TRACE] [REI] [REIPlugin START] Reloading Section: "reloadable-plugin/FluidComparatorRegistryImpl/DefaultRuntimePlugin of DefaultRuntimePlugin [roughlyenoughitems]/" done in 60.36 μs
[19:17:19] [main/TRACE] [REI] [REIPlugin START] Reloading Section: "reloadable-plugin/FluidComparatorRegistryImpl/" done in 359.7 μs
[19:17:19] [main/TRACE] [REI] [REIPlugin START] Reloading Section: "reloadable-plugin/DisplaySerializerRegistryImpl/"
[19:17:19] [main/TRACE] [REI] [REIPlugin START] Reloading Section: "reloadable-plugin/DisplaySerializerRegistryImpl/DefaultPluginImpl of DefaultPluginImpl [roughlyenoughitems]/"
[19:17:19] [main/TRACE] [REI] [REIPlugin START] Reloading Section: "reloadable-plugin/DisplaySerializerRegistryImpl/DefaultPluginImpl of DefaultPluginImpl [roughlyenoughitems]/" done in 49.90 μs
[19:17:19] [main/TRACE] [REI] [REIPlugin START] Reloading Section: "reloadable-plugin/DisplaySerializerRegistryImpl/DefaultRuntimePlugin of DefaultRuntimePlugin [roughlyenoughitems]/"
[19:17:19] [main/TRACE] [REI] [REIPlugin START] Reloading Section: "reloadable-plugin/DisplaySerializerRegistryImpl/DefaultRuntimePlugin of DefaultRuntimePlugin [roughlyenoughitems]/" done in 51.19 μs
[19:17:19] [main/TRACE] [REI] [REIPlugin START] Reloading Section: "reloadable-plugin/DisplaySerializerRegistryImpl/" done in 306.3 μs
[19:17:19] [main/TRACE] [REI] [REIPlugin START] Reloading Section: "reloadable-plugin/FluidSupportProviderImpl/"
[19:17:19] [main/TRACE] [REI] [REIPlugin START] Reloading Section: "reloadable-plugin/FluidSupportProviderImpl/DefaultPluginImpl of DefaultPluginImpl [roughlyenoughitems]/"
[19:17:19] [main/TRACE] [REI] [REIPlugin START] Reloading Section: "reloadable-plugin/FluidSupportProviderImpl/DefaultPluginImpl of DefaultPluginImpl [roughlyenoughitems]/" done in 478.3 μs
[19:17:19] [main/TRACE] [REI] [REIPlugin START] Reloading Section: "reloadable-plugin/FluidSupportProviderImpl/DefaultRuntimePlugin of DefaultRuntimePlugin [roughlyenoughitems]/"
[19:17:19] [main/TRACE] [REI] [REIPlugin START] Reloading Section: "reloadable-plugin/FluidSupportProviderImpl/DefaultRuntimePlugin of DefaultRuntimePlugin [roughlyenoughitems]/" done in 74.25 μs
[19:17:19] [main/TRACE] [REI] [REIPlugin START] Reloading Section: "reloadable-plugin/FluidSupportProviderImpl/" done in 801.5 μs
[19:17:19] [main/DEBUG] [REI] ========================================
[19:17:19] [main/DEBUG] [REI] REIPlugin ending main-reload for START.
[19:17:19] [main/DEBUG] [REI] ========================================
[19:17:19] [main/TRACE] [REI] [REIPlugin START] Reloading Section: "end-reload/"
[19:17:19] [main/TRACE] [REI] [REIPlugin START] Reloading Section: "end-reload/EntryTypeRegistryImpl/"
[19:17:19] [main/TRACE] [REI] [REIPlugin START] Reloading Section: "end-reload/EntryTypeRegistryImpl/" done in 55.95 μs
[19:17:19] [main/TRACE] [REI] [REIPlugin START] Reloading Section: "end-reload/EntrySettingsAdapterRegistryImpl/"
[19:17:19] [main/TRACE] [REI] [REIPlugin START] Reloading Section: "end-reload/EntrySettingsAdapterRegistryImpl/" done in 44.81 μs
[19:17:19] [main/TRACE] [REI] [REIPlugin START] Reloading Section: "end-reload/RecipeManagerContextImpl/"
[19:17:19] [main/TRACE] [REI] [REIPlugin START] Reloading Section: "end-reload/RecipeManagerContextImpl/" done in 42.24 μs
[19:17:19] [main/TRACE] [REI] [REIPlugin START] Reloading Section: "end-reload/ItemComparatorRegistryImpl/"
[19:17:19] [main/TRACE] [REI] [REIPlugin START] Reloading Section: "end-reload/ItemComparatorRegistryImpl/" done in 41.17 μs
[19:17:19] [main/TRACE] [REI] [REIPlugin START] Reloading Section: "end-reload/FluidComparatorRegistryImpl/"
[19:17:19] [main/TRACE] [REI] [REIPlugin START] Reloading Section: "end-reload/FluidComparatorRegistryImpl/" done in 43.05 μs
[19:17:19] [main/TRACE] [REI] [REIPlugin START] Reloading Section: "end-reload/DisplaySerializerRegistryImpl/"
[19:17:19] [main/TRACE] [REI] [REIPlugin START] Reloading Section: "end-reload/DisplaySerializerRegistryImpl/" done in 40.55 μs
[19:17:19] [main/TRACE] [REI] [REIPlugin START] Reloading Section: "end-reload/FluidSupportProviderImpl/"
[19:17:19] [main/TRACE] [REI] [REIPlugin START] Reloading Section: "end-reload/FluidSupportProviderImpl/" done in 51.60 μs
[19:17:19] [main/TRACE] [REI] [REIPlugin START] Reloading Section: "end-reload/" done in 866.4 μs
[19:17:19] [main/DEBUG] [REI] ========================================
[19:17:19] [main/DEBUG] [REI] REIPlugin ended main-reload for START in 26.66 ms.
[19:17:19] [main/DEBUG] [REI] ========================================
[19:17:19] [main/INFO] [REI] ########################################
[19:17:19] [main/INFO] [REI] REIServerPlugin starting main-reload for START.
[19:17:19] [main/DEBUG] [REI] Reloadables (2):
[19:17:19] [main/DEBUG] [REI]  - MenuInfoRegistryImpl
[19:17:19] [main/DEBUG] [REI]  - SlotAccessorRegistryImpl
[19:17:19] [main/INFO] [REI] Plugins (2):
[19:17:19] [main/INFO] [REI]  - (-100.00) DefaultPluginImpl of DefaultPluginImpl [roughlyenoughitems]
[19:17:19] [main/INFO] [REI]  - (0.00) DefaultRuntimePlugin of DefaultRuntimePlugin [roughlyenoughitems]
[19:17:19] [main/INFO] [REI] ########################################
[19:17:19] [main/TRACE] [REI] [REIServerPlugin START] Reloading Section: "start-reload/"
[19:17:19] [main/TRACE] [REI] [REIServerPlugin START] Reloading Section: "start-reload/MenuInfoRegistryImpl/"
[19:17:19] [main/TRACE] [REI] [REIServerPlugin START] Reloading Section: "start-reload/MenuInfoRegistryImpl/" done in 40.75 μs
[19:17:19] [main/TRACE] [REI] [REIServerPlugin START] Reloading Section: "start-reload/SlotAccessorRegistryImpl/"
[19:17:19] [main/TRACE] [REI] [REIServerPlugin START] Reloading Section: "start-reload/SlotAccessorRegistryImpl/" done in 39.97 μs
[19:17:19] [main/TRACE] [REI] [REIServerPlugin START] Reloading Section: "start-reload/" done in 266.5 μs
[19:17:19] [main/DEBUG] [REI] ========================================
[19:17:19] [main/DEBUG] [REI] REIServerPlugin started main-reload for START.
[19:17:19] [main/DEBUG] [REI] ========================================
[19:17:19] [main/TRACE] [REI] [REIServerPlugin START] Reloading Section: "reloadable-plugin/MenuInfoRegistryImpl/"
[19:17:19] [main/TRACE] [REI] [REIServerPlugin START] Reloading Section: "reloadable-plugin/MenuInfoRegistryImpl/DefaultPluginImpl of DefaultPluginImpl [roughlyenoughitems]/"
[19:17:19] [main/TRACE] [REI] [REIServerPlugin START] Reloading Section: "reloadable-plugin/MenuInfoRegistryImpl/DefaultPluginImpl of DefaultPluginImpl [roughlyenoughitems]/" done in 46.93 μs
[19:17:19] [main/TRACE] [REI] [REIServerPlugin START] Reloading Section: "reloadable-plugin/MenuInfoRegistryImpl/DefaultRuntimePlugin of DefaultRuntimePlugin [roughlyenoughitems]/"
[19:17:19] [main/TRACE] [REI] [REIServerPlugin START] Reloading Section: "reloadable-plugin/MenuInfoRegistryImpl/DefaultRuntimePlugin of DefaultRuntimePlugin [roughlyenoughitems]/" done in 43.85 μs
[19:17:19] [main/TRACE] [REI] [REIServerPlugin START] Reloading Section: "reloadable-plugin/MenuInfoRegistryImpl/" done in 286.8 μs
[19:17:19] [main/TRACE] [REI] [REIServerPlugin START] Reloading Section: "reloadable-plugin/SlotAccessorRegistryImpl/"
[19:17:19] [main/TRACE] [REI] [REIServerPlugin START] Reloading Section: "reloadable-plugin/SlotAccessorRegistryImpl/DefaultPluginImpl of DefaultPluginImpl [roughlyenoughitems]/"
[19:17:19] [main/TRACE] [REI] [REIServerPlugin START] Reloading Section: "reloadable-plugin/SlotAccessorRegistryImpl/DefaultPluginImpl of DefaultPluginImpl [roughlyenoughitems]/" done in 45.68 μs
[19:17:19] [main/TRACE] [REI] [REIServerPlugin START] Reloading Section: "reloadable-plugin/SlotAccessorRegistryImpl/DefaultRuntimePlugin of DefaultRuntimePlugin [roughlyenoughitems]/"
[19:17:19] [main/TRACE] [REI] [REIServerPlugin START] Reloading Section: "reloadable-plugin/SlotAccessorRegistryImpl/DefaultRuntimePlugin of DefaultRuntimePlugin [roughlyenoughitems]/" done in 50.65 μs
[19:17:19] [main/TRACE] [REI] [REIServerPlugin START] Reloading Section: "reloadable-plugin/SlotAccessorRegistryImpl/" done in 329.1 μs
[19:17:19] [main/DEBUG] [REI] ========================================
[19:17:19] [main/DEBUG] [REI] REIServerPlugin ending main-reload for START.
[19:17:19] [main/DEBUG] [REI] ========================================
[19:17:19] [main/TRACE] [REI] [REIServerPlugin START] Reloading Section: "end-reload/"
[19:17:19] [main/TRACE] [REI] [REIServerPlugin START] Reloading Section: "end-reload/MenuInfoRegistryImpl/"
[19:17:19] [main/TRACE] [REI] [REIServerPlugin START] Reloading Section: "end-reload/MenuInfoRegistryImpl/" done in 46.36 μs
[19:17:19] [main/TRACE] [REI] [REIServerPlugin START] Reloading Section: "end-reload/SlotAccessorRegistryImpl/"
[19:17:19] [main/TRACE] [REI] [REIServerPlugin START] Reloading Section: "end-reload/SlotAccessorRegistryImpl/" done in 45.56 μs
[19:17:19] [main/TRACE] [REI] [REIServerPlugin START] Reloading Section: "end-reload/" done in 277.0 μs
[19:17:19] [main/DEBUG] [REI] ========================================
[19:17:19] [main/DEBUG] [REI] REIServerPlugin ended main-reload for START in 2.874 ms.
[19:17:19] [main/DEBUG] [REI] ========================================
[19:17:19] [main/DEBUG] [REI] ========================================
[19:17:19] [main/DEBUG] [REI] REIPlugin starting post-reload for START.
[19:17:19] [main/DEBUG] [REI] Reloadables (7):
[19:17:19] [main/DEBUG] [REI]  - EntryTypeRegistryImpl
[19:17:19] [main/DEBUG] [REI]  - EntrySettingsAdapterRegistryImpl
[19:17:19] [main/DEBUG] [REI]  - RecipeManagerContextImpl
[19:17:19] [main/DEBUG] [REI]  - ItemComparatorRegistryImpl
[19:17:19] [main/DEBUG] [REI]  - FluidComparatorRegistryImpl
[19:17:19] [main/DEBUG] [REI]  - DisplaySerializerRegistryImpl
[19:17:19] [main/DEBUG] [REI]  - FluidSupportProviderImpl
[19:17:19] [main/DEBUG] [REI] Plugins (2):
[19:17:19] [main/DEBUG] [REI]  - (-100.00) DefaultPluginImpl of DefaultPluginImpl [roughlyenoughitems]
[19:17:19] [main/DEBUG] [REI]  - (0.00) DefaultRuntimePlugin of DefaultRuntimePlugin [roughlyenoughitems]
[19:17:19] [main/DEBUG] [REI] ========================================
[19:17:19] [main/TRACE] [REI] [REIPlugin START] Reloading Section: "post-register/"
[19:17:19] [main/TRACE] [REI] [REIPlugin START] Reloading Section: "post-register/DefaultPluginImpl of DefaultPluginImpl [roughlyenoughitems]/"
[19:17:19] [main/TRACE] [REI] [REIPlugin START] Reloading Section: "post-register/DefaultPluginImpl of DefaultPluginImpl [roughlyenoughitems]/" done in 192.3 μs
[19:17:19] [main/TRACE] [REI] [REIPlugin START] Reloading Section: "post-register/DefaultRuntimePlugin of DefaultRuntimePlugin [roughlyenoughitems]/"
[19:17:19] [main/TRACE] [REI] [REIPlugin START] Reloading Section: "post-register/DefaultRuntimePlugin of DefaultRuntimePlugin [roughlyenoughitems]/" done in 43.94 μs
[19:17:19] [main/TRACE] [REI] [REIPlugin START] Reloading Section: "post-register/" done in 625.5 μs
[19:17:19] [main/TRACE] [REI] [REIPlugin START] Reloading Section: "post-stage/"
[19:17:19] [main/TRACE] [REI] [REIPlugin START] Reloading Section: "post-stage/EntryTypeRegistryImpl/"
[19:17:19] [main/TRACE] [REI] [REIPlugin START] Reloading Section: "post-stage/EntryTypeRegistryImpl/" done in 363.2 μs
[19:17:19] [main/TRACE] [REI] [REIPlugin START] Reloading Section: "post-stage/EntrySettingsAdapterRegistryImpl/"
[19:17:19] [main/TRACE] [REI] [REIPlugin START] Reloading Section: "post-stage/EntrySettingsAdapterRegistryImpl/" done in 384.5 μs
[19:17:19] [main/TRACE] [REI] [REIPlugin START] Reloading Section: "post-stage/RecipeManagerContextImpl/"
[19:17:19] [main/TRACE] [REI] [REIPlugin START] Reloading Section: "post-stage/RecipeManagerContextImpl/" done in 499.4 μs
[19:17:19] [main/TRACE] [REI] [REIPlugin START] Reloading Section: "post-stage/ItemComparatorRegistryImpl/"
[19:17:19] [main/TRACE] [REI] [REIPlugin START] Reloading Section: "post-stage/ItemComparatorRegistryImpl/" done in 148.9 μs
[19:17:19] [main/TRACE] [REI] [REIPlugin START] Reloading Section: "post-stage/FluidComparatorRegistryImpl/"
[19:17:19] [main/TRACE] [REI] [REIPlugin START] Reloading Section: "post-stage/FluidComparatorRegistryImpl/" done in 50.33 μs
[19:17:19] [main/TRACE] [REI] [REIPlugin START] Reloading Section: "post-stage/DisplaySerializerRegistryImpl/"
[19:17:19] [main/TRACE] [REI] [REIPlugin START] Reloading Section: "post-stage/DisplaySerializerRegistryImpl/" done in 123.2 μs
[19:17:19] [main/TRACE] [REI] [REIPlugin START] Reloading Section: "post-stage/FluidSupportProviderImpl/"
[19:17:19] [main/TRACE] [REI] [REIPlugin START] Reloading Section: "post-stage/FluidSupportProviderImpl/" done in 75.55 μs
[19:17:19] [main/TRACE] [REI] [REIPlugin START] Reloading Section: "post-stage/" done in 7.644 ms
[19:17:19] [main/DEBUG] [REI] ========================================
[19:17:19] [main/INFO] [REI] REIPlugin finished post-reload for START in 8.472 ms, totaling 54.25 ms.
[19:17:19] [main/DEBUG] [REI] ========================================
[19:17:19] [main/DEBUG] [REI] ========================================
[19:17:19] [main/DEBUG] [REI] REIServerPlugin starting post-reload for START.
[19:17:19] [main/DEBUG] [REI] Reloadables (2):
[19:17:19] [main/DEBUG] [REI]  - MenuInfoRegistryImpl
[19:17:19] [main/DEBUG] [REI]  - SlotAccessorRegistryImpl
[19:17:19] [main/DEBUG] [REI] Plugins (2):
[19:17:19] [main/DEBUG] [REI]  - (-100.00) DefaultPluginImpl of DefaultPluginImpl [roughlyenoughitems]
[19:17:19] [main/DEBUG] [REI]  - (0.00) DefaultRuntimePlugin of DefaultRuntimePlugin [roughlyenoughitems]
[19:17:19] [main/DEBUG] [REI] ========================================
[19:17:19] [main/TRACE] [REI] [REIServerPlugin START] Reloading Section: "post-register/"
[19:17:19] [main/TRACE] [REI] [REIServerPlugin START] Reloading Section: "post-register/DefaultPluginImpl of DefaultPluginImpl [roughlyenoughitems]/"
[19:17:19] [main/TRACE] [REI] [REIServerPlugin START] Reloading Section: "post-register/DefaultPluginImpl of DefaultPluginImpl [roughlyenoughitems]/" done in 142.4 μs
[19:17:19] [main/TRACE] [REI] [REIServerPlugin START] Reloading Section: "post-register/DefaultRuntimePlugin of DefaultRuntimePlugin [roughlyenoughitems]/"
[19:17:19] [main/TRACE] [REI] [REIServerPlugin START] Reloading Section: "post-register/DefaultRuntimePlugin of DefaultRuntimePlugin [roughlyenoughitems]/" done in 114.2 μs
[19:17:19] [main/TRACE] [REI] [REIServerPlugin START] Reloading Section: "post-register/" done in 667.2 μs
[19:17:19] [main/TRACE] [REI] [REIServerPlugin START] Reloading Section: "post-stage/"
[19:17:19] [main/TRACE] [REI] [REIServerPlugin START] Reloading Section: "post-stage/MenuInfoRegistryImpl/"
[19:17:19] [main/TRACE] [REI] [REIServerPlugin START] Reloading Section: "post-stage/MenuInfoRegistryImpl/" done in 124.3 μs
[19:17:19] [main/TRACE] [REI] [REIServerPlugin START] Reloading Section: "post-stage/SlotAccessorRegistryImpl/"
[19:17:19] [main/TRACE] [REI] [REIServerPlugin START] Reloading Section: "post-stage/SlotAccessorRegistryImpl/" done in 137.2 μs
[19:17:19] [main/TRACE] [REI] [REIServerPlugin START] Reloading Section: "post-stage/" done in 734.1 μs
[19:17:19] [main/DEBUG] [REI] ========================================
[19:17:19] [main/INFO] [REI] REIServerPlugin finished post-reload for START in 1.691 ms, totaling 6.019 ms.
[19:17:19] [main/DEBUG] [REI] ========================================
[19:17:19] [main/DEBUG] [REI] ========================================
[19:17:19] [main/DEBUG] [REI] REIPlugin starting pre-reload for END.
[19:17:19] [main/DEBUG] [REI] Reloadables (7):
[19:17:19] [main/DEBUG] [REI]  - EntryTypeRegistryImpl
[19:17:19] [main/DEBUG] [REI]  - EntrySettingsAdapterRegistryImpl
[19:17:19] [main/DEBUG] [REI]  - RecipeManagerContextImpl
[19:17:19] [main/DEBUG] [REI]  - ItemComparatorRegistryImpl
[19:17:19] [main/DEBUG] [REI]  - FluidComparatorRegistryImpl
[19:17:19] [main/DEBUG] [REI]  - DisplaySerializerRegistryImpl
[19:17:19] [main/DEBUG] [REI]  - FluidSupportProviderImpl
[19:17:19] [main/DEBUG] [REI] Plugins (2):
[19:17:19] [main/DEBUG] [REI]  - (-100.00) DefaultPluginImpl of DefaultPluginImpl [roughlyenoughitems]
[19:17:19] [main/DEBUG] [REI]  - (0.00) DefaultRuntimePlugin of DefaultRuntimePlugin [roughlyenoughitems]
[19:17:19] [main/DEBUG] [REI] ========================================
[19:17:19] [main/TRACE] [REI] [REIPlugin END] Reloading Section: "pre-register/"
[19:17:19] [main/TRACE] [REI] [REIPlugin END] Reloading Section: "pre-register/DefaultPluginImpl of DefaultPluginImpl [roughlyenoughitems]/"
[19:17:19] [main/TRACE] [REI] [REIPlugin END] Reloading Section: "pre-register/DefaultPluginImpl of DefaultPluginImpl [roughlyenoughitems]/" done in 106.7 μs
[19:17:19] [main/TRACE] [REI] [REIPlugin END] Reloading Section: "pre-register/DefaultRuntimePlugin of DefaultRuntimePlugin [roughlyenoughitems]/"
[19:17:19] [main/TRACE] [REI] [REIPlugin END] Reloading Section: "pre-register/DefaultRuntimePlugin of DefaultRuntimePlugin [roughlyenoughitems]/" done in 124.3 μs
[19:17:19] [main/TRACE] [REI] [REIPlugin END] Reloading Section: "pre-register/" done in 628.7 μs
[19:17:19] [main/TRACE] [REI] [REIPlugin END] Reloading Section: "pre-stage/"
[19:17:19] [main/TRACE] [REI] [REIPlugin END] Reloading Section: "pre-stage/EntryTypeRegistryImpl/"
[19:17:19] [main/TRACE] [REI] [REIPlugin END] Reloading Section: "pre-stage/EntryTypeRegistryImpl/" done in 133.7 μs
[19:17:19] [main/TRACE] [REI] [REIPlugin END] Reloading Section: "pre-stage/EntrySettingsAdapterRegistryImpl/"
[19:17:19] [main/TRACE] [REI] [REIPlugin END] Reloading Section: "pre-stage/EntrySettingsAdapterRegistryImpl/" done in 135.2 μs
[19:17:19] [main/TRACE] [REI] [REIPlugin END] Reloading Section: "pre-stage/RecipeManagerContextImpl/"
[19:17:19] [main/TRACE] [REI] [REIPlugin END] Reloading Section: "pre-stage/RecipeManagerContextImpl/" done in 124.8 μs
[19:17:19] [main/TRACE] [REI] [REIPlugin END] Reloading Section: "pre-stage/ItemComparatorRegistryImpl/"
[19:17:19] [main/TRACE] [REI] [REIPlugin END] Reloading Section: "pre-stage/ItemComparatorRegistryImpl/" done in 165.8 μs
[19:17:19] [main/TRACE] [REI] [REIPlugin END] Reloading Section: "pre-stage/FluidComparatorRegistryImpl/"
[19:17:19] [main/TRACE] [REI] [REIPlugin END] Reloading Section: "pre-stage/FluidComparatorRegistryImpl/" done in 68.75 μs
[19:17:19] [main/TRACE] [REI] [REIPlugin END] Reloading Section: "pre-stage/DisplaySerializerRegistryImpl/"
[19:17:19] [main/TRACE] [REI] [REIPlugin END] Reloading Section: "pre-stage/DisplaySerializerRegistryImpl/" done in 105.1 μs
[19:17:19] [main/TRACE] [REI] [REIPlugin END] Reloading Section: "pre-stage/FluidSupportProviderImpl/"
[19:17:19] [main/TRACE] [REI] [REIPlugin END] Reloading Section: "pre-stage/FluidSupportProviderImpl/" done in 129.2 μs
[19:17:19] [main/TRACE] [REI] [REIPlugin END] Reloading Section: "pre-stage/" done in 2.588 ms
[19:17:19] [main/DEBUG] [REI] ========================================
[19:17:19] [main/DEBUG] [REI] REIPlugin finished pre-reload for END in 3.542 ms.
[19:17:19] [main/DEBUG] [REI] ========================================
[19:17:19] [main/DEBUG] [REI] ========================================
[19:17:19] [main/DEBUG] [REI] REIServerPlugin starting pre-reload for END.
[19:17:19] [main/DEBUG] [REI] Reloadables (2):
[19:17:19] [main/DEBUG] [REI]  - MenuInfoRegistryImpl
[19:17:19] [main/DEBUG] [REI]  - SlotAccessorRegistryImpl
[19:17:19] [main/DEBUG] [REI] Plugins (2):
[19:17:19] [main/DEBUG] [REI]  - (-100.00) DefaultPluginImpl of DefaultPluginImpl [roughlyenoughitems]
[19:17:19] [main/DEBUG] [REI]  - (0.00) DefaultRuntimePlugin of DefaultRuntimePlugin [roughlyenoughitems]
[19:17:19] [main/DEBUG] [REI] ========================================
[19:17:19] [main/TRACE] [REI] [REIServerPlugin END] Reloading Section: "pre-register/"
[19:17:19] [main/TRACE] [REI] [REIServerPlugin END] Reloading Section: "pre-register/DefaultPluginImpl of DefaultPluginImpl [roughlyenoughitems]/"
[19:17:19] [main/TRACE] [REI] [REIServerPlugin END] Reloading Section: "pre-register/DefaultPluginImpl of DefaultPluginImpl [roughlyenoughitems]/" done in 129.7 μs
[19:17:19] [main/TRACE] [REI] [REIServerPlugin END] Reloading Section: "pre-register/DefaultRuntimePlugin of DefaultRuntimePlugin [roughlyenoughitems]/"
[19:17:19] [main/TRACE] [REI] [REIServerPlugin END] Reloading Section: "pre-register/DefaultRuntimePlugin of DefaultRuntimePlugin [roughlyenoughitems]/" done in 133.7 μs
[19:17:19] [main/TRACE] [REI] [REIServerPlugin END] Reloading Section: "pre-register/" done in 794.7 μs
[19:17:19] [main/TRACE] [REI] [REIServerPlugin END] Reloading Section: "pre-stage/"
[19:17:19] [main/TRACE] [REI] [REIServerPlugin END] Reloading Section: "pre-stage/MenuInfoRegistryImpl/"
[19:17:19] [main/TRACE] [REI] [REIServerPlugin END] Reloading Section: "pre-stage/MenuInfoRegistryImpl/" done in 44.68 μs
[19:17:19] [main/TRACE] [REI] [REIServerPlugin END] Reloading Section: "pre-stage/SlotAccessorRegistryImpl/"
[19:17:19] [main/TRACE] [REI] [REIServerPlugin END] Reloading Section: "pre-stage/SlotAccessorRegistryImpl/" done in 40.30 μs
[19:17:19] [main/TRACE] [REI] [REIServerPlugin END] Reloading Section: "pre-stage/" done in 259.4 μs
[19:17:19] [main/DEBUG] [REI] ========================================
[19:17:19] [main/DEBUG] [REI] REIServerPlugin finished pre-reload for END in 1.277 ms.
[19:17:19] [main/DEBUG] [REI] ========================================
[19:17:19] [main/INFO] [REI] ========================================
[19:17:19] [main/INFO] [REI] REIPlugin starting main-reload for END.
[19:17:19] [main/DEBUG] [REI] Reloadables (7):
[19:17:19] [main/DEBUG] [REI]  - EntryTypeRegistryImpl
[19:17:19] [main/DEBUG] [REI]  - EntrySettingsAdapterRegistryImpl
[19:17:19] [main/DEBUG] [REI]  - RecipeManagerContextImpl
[19:17:19] [main/DEBUG] [REI]  - ItemComparatorRegistryImpl
[19:17:19] [main/DEBUG] [REI]  - FluidComparatorRegistryImpl
[19:17:19] [main/DEBUG] [REI]  - DisplaySerializerRegistryImpl
[19:17:19] [main/DEBUG] [REI]  - FluidSupportProviderImpl
[19:17:19] [main/INFO] [REI] Plugins (2):
[19:17:19] [main/INFO] [REI]  - (-100.00) DefaultPluginImpl of DefaultPluginImpl [roughlyenoughitems]
[19:17:19] [main/INFO] [REI]  - (0.00) DefaultRuntimePlugin of DefaultRuntimePlugin [roughlyenoughitems]
[19:17:19] [main/INFO] [REI] ========================================
[19:17:19] [main/TRACE] [REI] [REIPlugin END] Reloading Section: "start-reload/"
[19:17:19] [main/TRACE] [REI] [REIPlugin END] Reloading Section: "start-reload/EntryTypeRegistryImpl/"
[19:17:19] [main/TRACE] [REI] [REIPlugin END] Reloading Section: "start-reload/EntryTypeRegistryImpl/" done in 44.31 μs
[19:17:19] [main/TRACE] [REI] [REIPlugin END] Reloading Section: "start-reload/EntrySettingsAdapterRegistryImpl/"
[19:17:19] [main/TRACE] [REI] [REIPlugin END] Reloading Section: "start-reload/EntrySettingsAdapterRegistryImpl/" done in 77.78 μs
[19:17:19] [main/TRACE] [REI] [REIPlugin END] Reloading Section: "start-reload/RecipeManagerContextImpl/"
[19:17:19] [main/TRACE] [REI] [REIPlugin END] Reloading Section: "start-reload/RecipeManagerContextImpl/" done in 43.93 μs
[19:17:19] [main/TRACE] [REI] [REIPlugin END] Reloading Section: "start-reload/ItemComparatorRegistryImpl/"
[19:17:19] [main/TRACE] [REI] [REIPlugin END] Reloading Section: "start-reload/ItemComparatorRegistryImpl/" done in 39.62 μs
[19:17:19] [main/TRACE] [REI] [REIPlugin END] Reloading Section: "start-reload/FluidComparatorRegistryImpl/"
[19:17:19] [main/TRACE] [REI] [REIPlugin END] Reloading Section: "start-reload/FluidComparatorRegistryImpl/" done in 40.91 μs
[19:17:19] [main/TRACE] [REI] [REIPlugin END] Reloading Section: "start-reload/DisplaySerializerRegistryImpl/"
[19:17:19] [main/TRACE] [REI] [REIPlugin END] Reloading Section: "start-reload/DisplaySerializerRegistryImpl/" done in 68.48 μs
[19:17:19] [main/TRACE] [REI] [REIPlugin END] Reloading Section: "start-reload/FluidSupportProviderImpl/"
[19:17:19] [main/TRACE] [REI] [REIPlugin END] Reloading Section: "start-reload/FluidSupportProviderImpl/" done in 42.19 μs
[19:17:19] [main/TRACE] [REI] [REIPlugin END] Reloading Section: "start-reload/" done in 921.1 μs
[19:17:19] [main/DEBUG] [REI] ========================================
[19:17:19] [main/DEBUG] [REI] REIPlugin started main-reload for END.
[19:17:19] [main/DEBUG] [REI] ========================================
[19:17:19] [main/TRACE] [REI] [REIPlugin END] Reloading Section: "reloadable-plugin/EntryTypeRegistryImpl/"
[19:17:19] [main/TRACE] [REI] [REIPlugin END] Reloading Section: "reloadable-plugin/EntryTypeRegistryImpl/DefaultPluginImpl of DefaultPluginImpl [roughlyenoughitems]/"
[19:17:19] [main/TRACE] [REI] [REIPlugin END] Reloading Section: "reloadable-plugin/EntryTypeRegistryImpl/DefaultPluginImpl of DefaultPluginImpl [roughlyenoughitems]/" done in 48.79 μs
[19:17:19] [main/TRACE] [REI] [REIPlugin END] Reloading Section: "reloadable-plugin/EntryTypeRegistryImpl/DefaultRuntimePlugin of DefaultRuntimePlugin [roughlyenoughitems]/"
[19:17:19] [main/TRACE] [REI] [REIPlugin END] Reloading Section: "reloadable-plugin/EntryTypeRegistryImpl/DefaultRuntimePlugin of DefaultRuntimePlugin [roughlyenoughitems]/" done in 41.00 μs
[19:17:19] [main/TRACE] [REI] [REIPlugin END] Reloading Section: "reloadable-plugin/EntryTypeRegistryImpl/" done in 286.5 μs
[19:17:19] [main/TRACE] [REI] [REIPlugin END] Reloading Section: "reloadable-plugin/EntrySettingsAdapterRegistryImpl/"
[19:17:19] [main/TRACE] [REI] [REIPlugin END] Reloading Section: "reloadable-plugin/EntrySettingsAdapterRegistryImpl/DefaultPluginImpl of DefaultPluginImpl [roughlyenoughitems]/"
[19:17:19] [main/TRACE] [REI] [REIPlugin END] Reloading Section: "reloadable-plugin/EntrySettingsAdapterRegistryImpl/DefaultPluginImpl of DefaultPluginImpl [roughlyenoughitems]/" done in 47.91 μs
[19:17:19] [main/TRACE] [REI] [REIPlugin END] Reloading Section: "reloadable-plugin/EntrySettingsAdapterRegistryImpl/DefaultRuntimePlugin of DefaultRuntimePlugin [roughlyenoughitems]/"
[19:17:19] [main/TRACE] [REI] [REIPlugin END] Reloading Section: "reloadable-plugin/EntrySettingsAdapterRegistryImpl/DefaultRuntimePlugin of DefaultRuntimePlugin [roughlyenoughitems]/" done in 42.10 μs
[19:17:19] [main/TRACE] [REI] [REIPlugin END] Reloading Section: "reloadable-plugin/EntrySettingsAdapterRegistryImpl/" done in 255.8 μs
[19:17:19] [main/TRACE] [REI] [REIPlugin END] Reloading Section: "reloadable-plugin/RecipeManagerContextImpl/"
[19:17:19] [main/TRACE] [REI] [REIPlugin END] Reloading Section: "reloadable-plugin/RecipeManagerContextImpl/DefaultPluginImpl of DefaultPluginImpl [roughlyenoughitems]/"
[19:17:19] [main/TRACE] [REI] [REIPlugin END] Reloading Section: "reloadable-plugin/RecipeManagerContextImpl/DefaultPluginImpl of DefaultPluginImpl [roughlyenoughitems]/" done in 46.09 μs
[19:17:19] [main/TRACE] [REI] [REIPlugin END] Reloading Section: "reloadable-plugin/RecipeManagerContextImpl/DefaultRuntimePlugin of DefaultRuntimePlugin [roughlyenoughitems]/"
[19:17:19] [main/TRACE] [REI] [REIPlugin END] Reloading Section: "reloadable-plugin/RecipeManagerContextImpl/DefaultRuntimePlugin of DefaultRuntimePlugin [roughlyenoughitems]/" done in 41.31 μs
[19:17:19] [main/TRACE] [REI] [REIPlugin END] Reloading Section: "reloadable-plugin/RecipeManagerContextImpl/" done in 260.9 μs
[19:17:19] [main/TRACE] [REI] [REIPlugin END] Reloading Section: "reloadable-plugin/ItemComparatorRegistryImpl/"
[19:17:19] [main/TRACE] [REI] [REIPlugin END] Reloading Section: "reloadable-plugin/ItemComparatorRegistryImpl/DefaultPluginImpl of DefaultPluginImpl [roughlyenoughitems]/"
[19:17:19] [main/TRACE] [REI] [REIPlugin END] Reloading Section: "reloadable-plugin/ItemComparatorRegistryImpl/DefaultPluginImpl of DefaultPluginImpl [roughlyenoughitems]/" done in 68.34 μs
[19:17:19] [main/TRACE] [REI] [REIPlugin END] Reloading Section: "reloadable-plugin/ItemComparatorRegistryImpl/DefaultRuntimePlugin of DefaultRuntimePlugin [roughlyenoughitems]/"
[19:17:19] [main/TRACE] [REI] [REIPlugin END] Reloading Section: "reloadable-plugin/ItemComparatorRegistryImpl/DefaultRuntimePlugin of DefaultRuntimePlugin [roughlyenoughitems]/" done in 44.57 μs
[19:17:19] [main/TRACE] [REI] [REIPlugin END] Reloading Section: "reloadable-plugin/ItemComparatorRegistryImpl/" done in 330.3 μs
[19:17:19] [main/TRACE] [REI] [REIPlugin END] Reloading Section: "reloadable-plugin/FluidComparatorRegistryImpl/"
[19:17:19] [main/TRACE] [REI] [REIPlugin END] Reloading Section: "reloadable-plugin/FluidComparatorRegistryImpl/DefaultPluginImpl of DefaultPluginImpl [roughlyenoughitems]/"
[19:17:19] [main/TRACE] [REI] [REIPlugin END] Reloading Section: "reloadable-plugin/FluidComparatorRegistryImpl/DefaultPluginImpl of DefaultPluginImpl [roughlyenoughitems]/" done in 55.55 μs
[19:17:19] [main/TRACE] [REI] [REIPlugin END] Reloading Section: "reloadable-plugin/FluidComparatorRegistryImpl/DefaultRuntimePlugin of DefaultRuntimePlugin [roughlyenoughitems]/"
[19:17:19] [main/TRACE] [REI] [REIPlugin END] Reloading Section: "reloadable-plugin/FluidComparatorRegistryImpl/DefaultRuntimePlugin of DefaultRuntimePlugin [roughlyenoughitems]/" done in 44.70 μs
[19:17:19] [main/TRACE] [REI] [REIPlugin END] Reloading Section: "reloadable-plugin/FluidComparatorRegistryImpl/" done in 276.9 μs
[19:17:19] [main/TRACE] [REI] [REIPlugin END] Reloading Section: "reloadable-plugin/DisplaySerializerRegistryImpl/"
[19:17:19] [main/TRACE] [REI] [REIPlugin END] Reloading Section: "reloadable-plugin/DisplaySerializerRegistryImpl/DefaultPluginImpl of DefaultPluginImpl [roughlyenoughitems]/"
[19:17:19] [main/TRACE] [REI] [REIPlugin END] Reloading Section: "reloadable-plugin/DisplaySerializerRegistryImpl/DefaultPluginImpl of DefaultPluginImpl [roughlyenoughitems]/" done in 19.36 ms
[19:17:19] [main/TRACE] [REI] [REIPlugin END] Reloading Section: "reloadable-plugin/DisplaySerializerRegistryImpl/DefaultRuntimePlugin of DefaultRuntimePlugin [roughlyenoughitems]/"
[19:17:19] [main/TRACE] [REI] [REIPlugin END] Reloading Section: "reloadable-plugin/DisplaySerializerRegistryImpl/DefaultRuntimePlugin of DefaultRuntimePlugin [roughlyenoughitems]/" done in 63.19 μs
[19:17:19] [main/TRACE] [REI] [REIPlugin END] Reloading Section: "reloadable-plugin/DisplaySerializerRegistryImpl/" done in 19.67 ms
[19:17:19] [main/TRACE] [REI] [REIPlugin END] Reloading Section: "reloadable-plugin/FluidSupportProviderImpl/"
[19:17:19] [main/TRACE] [REI] [REIPlugin END] Reloading Section: "reloadable-plugin/FluidSupportProviderImpl/DefaultPluginImpl of DefaultPluginImpl [roughlyenoughitems]/"
[19:17:19] [main/TRACE] [REI] [REIPlugin END] Reloading Section: "reloadable-plugin/FluidSupportProviderImpl/DefaultPluginImpl of DefaultPluginImpl [roughlyenoughitems]/" done in 40.83 μs
[19:17:19] [main/TRACE] [REI] [REIPlugin END] Reloading Section: "reloadable-plugin/FluidSupportProviderImpl/DefaultRuntimePlugin of DefaultRuntimePlugin [roughlyenoughitems]/"
[19:17:19] [main/TRACE] [REI] [REIPlugin END] Reloading Section: "reloadable-plugin/FluidSupportProviderImpl/DefaultRuntimePlugin of DefaultRuntimePlugin [roughlyenoughitems]/" done in 50.26 μs
[19:17:19] [main/TRACE] [REI] [REIPlugin END] Reloading Section: "reloadable-plugin/FluidSupportProviderImpl/" done in 282.3 μs
[19:17:19] [main/DEBUG] [REI] ========================================
[19:17:19] [main/DEBUG] [REI] REIPlugin ending main-reload for END.
[19:17:19] [main/DEBUG] [REI] ========================================
[19:17:19] [main/TRACE] [REI] [REIPlugin END] Reloading Section: "end-reload/"
[19:17:19] [main/TRACE] [REI] [REIPlugin END] Reloading Section: "end-reload/EntryTypeRegistryImpl/"
[19:17:19] [main/TRACE] [REI] [REIPlugin END] Reloading Section: "end-reload/EntryTypeRegistryImpl/" done in 35.34 μs
[19:17:19] [main/TRACE] [REI] [REIPlugin END] Reloading Section: "end-reload/EntrySettingsAdapterRegistryImpl/"
[19:17:19] [main/TRACE] [REI] [REIPlugin END] Reloading Section: "end-reload/EntrySettingsAdapterRegistryImpl/" done in 34.28 μs
[19:17:19] [main/TRACE] [REI] [REIPlugin END] Reloading Section: "end-reload/RecipeManagerContextImpl/"
[19:17:19] [main/TRACE] [REI] [REIPlugin END] Reloading Section: "end-reload/RecipeManagerContextImpl/" done in 32.54 μs
[19:17:19] [main/TRACE] [REI] [REIPlugin END] Reloading Section: "end-reload/ItemComparatorRegistryImpl/"
[19:17:19] [main/TRACE] [REI] [REIPlugin END] Reloading Section: "end-reload/ItemComparatorRegistryImpl/" done in 33.73 μs
[19:17:19] [main/TRACE] [REI] [REIPlugin END] Reloading Section: "end-reload/FluidComparatorRegistryImpl/"
[19:17:19] [main/TRACE] [REI] [REIPlugin END] Reloading Section: "end-reload/FluidComparatorRegistryImpl/" done in 32.09 μs
[19:17:19] [main/TRACE] [REI] [REIPlugin END] Reloading Section: "end-reload/DisplaySerializerRegistryImpl/"
[19:17:19] [main/TRACE] [REI] [REIPlugin END] Reloading Section: "end-reload/DisplaySerializerRegistryImpl/" done in 32.81 μs
[19:17:19] [main/TRACE] [REI] [REIPlugin END] Reloading Section: "end-reload/FluidSupportProviderImpl/"
[19:17:19] [main/TRACE] [REI] [REIPlugin END] Reloading Section: "end-reload/FluidSupportProviderImpl/" done in 31.78 μs
[19:17:19] [main/TRACE] [REI] [REIPlugin END] Reloading Section: "end-reload/" done in 647.0 μs
[19:17:19] [main/DEBUG] [REI] ========================================
[19:17:19] [main/DEBUG] [REI] REIPlugin ended main-reload for END in 25.35 ms.
[19:17:19] [main/DEBUG] [REI] ========================================
[19:17:19] [main/INFO] [REI] ========================================
[19:17:19] [main/INFO] [REI] REIServerPlugin starting main-reload for END.
[19:17:19] [main/DEBUG] [REI] Reloadables (2):
[19:17:19] [main/DEBUG] [REI]  - MenuInfoRegistryImpl
[19:17:19] [main/DEBUG] [REI]  - SlotAccessorRegistryImpl
[19:17:19] [main/INFO] [REI] Plugins (2):
[19:17:19] [main/INFO] [REI]  - (-100.00) DefaultPluginImpl of DefaultPluginImpl [roughlyenoughitems]
[19:17:19] [main/INFO] [REI]  - (0.00) DefaultRuntimePlugin of DefaultRuntimePlugin [roughlyenoughitems]
[19:17:19] [main/INFO] [REI] ========================================
[19:17:19] [main/TRACE] [REI] [REIServerPlugin END] Reloading Section: "start-reload/"
[19:17:19] [main/TRACE] [REI] [REIServerPlugin END] Reloading Section: "start-reload/MenuInfoRegistryImpl/"
[19:17:19] [main/TRACE] [REI] [REIServerPlugin END] Reloading Section: "start-reload/MenuInfoRegistryImpl/" done in 50.16 μs
[19:17:19] [main/TRACE] [REI] [REIServerPlugin END] Reloading Section: "start-reload/SlotAccessorRegistryImpl/"
[19:17:19] [main/TRACE] [REI] [REIServerPlugin END] Reloading Section: "start-reload/SlotAccessorRegistryImpl/" done in 43.72 μs
[19:17:19] [main/TRACE] [REI] [REIServerPlugin END] Reloading Section: "start-reload/" done in 318.5 μs
[19:17:19] [main/DEBUG] [REI] ========================================
[19:17:19] [main/DEBUG] [REI] REIServerPlugin started main-reload for END.
[19:17:19] [main/DEBUG] [REI] ========================================
[19:17:19] [main/TRACE] [REI] [REIServerPlugin END] Reloading Section: "reloadable-plugin/MenuInfoRegistryImpl/"
[19:17:19] [main/TRACE] [REI] [REIServerPlugin END] Reloading Section: "reloadable-plugin/MenuInfoRegistryImpl/DefaultPluginImpl of DefaultPluginImpl [roughlyenoughitems]/"
[19:17:19] [main/TRACE] [REI] [REIServerPlugin END] Reloading Section: "reloadable-plugin/MenuInfoRegistryImpl/DefaultPluginImpl of DefaultPluginImpl [roughlyenoughitems]/" done in 72.99 μs
[19:17:19] [main/TRACE] [REI] [REIServerPlugin END] Reloading Section: "reloadable-plugin/MenuInfoRegistryImpl/DefaultRuntimePlugin of DefaultRuntimePlugin [roughlyenoughitems]/"
[19:17:19] [main/TRACE] [REI] [REIServerPlugin END] Reloading Section: "reloadable-plugin/MenuInfoRegistryImpl/DefaultRuntimePlugin of DefaultRuntimePlugin [roughlyenoughitems]/" done in 43.09 μs
[19:17:19] [main/TRACE] [REI] [REIServerPlugin END] Reloading Section: "reloadable-plugin/MenuInfoRegistryImpl/" done in 294.4 μs
[19:17:19] [main/TRACE] [REI] [REIServerPlugin END] Reloading Section: "reloadable-plugin/SlotAccessorRegistryImpl/"
[19:17:19] [main/TRACE] [REI] [REIServerPlugin END] Reloading Section: "reloadable-plugin/SlotAccessorRegistryImpl/DefaultPluginImpl of DefaultPluginImpl [roughlyenoughitems]/"
[19:17:19] [main/TRACE] [REI] [REIServerPlugin END] Reloading Section: "reloadable-plugin/SlotAccessorRegistryImpl/DefaultPluginImpl of DefaultPluginImpl [roughlyenoughitems]/" done in 55.13 μs
[19:17:19] [main/TRACE] [REI] [REIServerPlugin END] Reloading Section: "reloadable-plugin/SlotAccessorRegistryImpl/DefaultRuntimePlugin of DefaultRuntimePlugin [roughlyenoughitems]/"
[19:17:19] [main/DEBUG] [REI] Added slot accessor serializer: me.shedaniel.rei.plugin.common.runtime.DefaultRuntimePlugin$1@4432ecfa [roughlyenoughitems:vanilla]
[19:17:19] [main/DEBUG] [REI] Added slot accessor serializer: me.shedaniel.rei.plugin.common.runtime.DefaultRuntimePlugin$2@77e9a32b [roughlyenoughitems:player]
[19:17:19] [main/TRACE] [REI] [REIServerPlugin END] Reloading Section: "reloadable-plugin/SlotAccessorRegistryImpl/DefaultRuntimePlugin of DefaultRuntimePlugin [roughlyenoughitems]/" done in 1.529 ms
[19:17:19] [main/TRACE] [REI] [REIServerPlugin END] Reloading Section: "reloadable-plugin/SlotAccessorRegistryImpl/" done in 1.764 ms
[19:17:19] [main/DEBUG] [REI] ========================================
[19:17:19] [main/DEBUG] [REI] REIServerPlugin ending main-reload for END.
[19:17:19] [main/DEBUG] [REI] ========================================
[19:17:19] [main/TRACE] [REI] [REIServerPlugin END] Reloading Section: "end-reload/"
[19:17:19] [main/TRACE] [REI] [REIServerPlugin END] Reloading Section: "end-reload/MenuInfoRegistryImpl/"
[19:17:19] [main/DEBUG] [REI] Registered 0 menu infos
[19:17:19] [main/TRACE] [REI] [REIServerPlugin END] Reloading Section: "end-reload/MenuInfoRegistryImpl/" done in 126.8 μs
[19:17:19] [main/TRACE] [REI] [REIServerPlugin END] Reloading Section: "end-reload/SlotAccessorRegistryImpl/"
[19:17:19] [main/DEBUG] [REI] Registered 2 slot accessor serializers
[19:17:19] [main/TRACE] [REI] [REIServerPlugin END] Reloading Section: "end-reload/SlotAccessorRegistryImpl/" done in 116.0 μs
[19:17:19] [main/TRACE] [REI] [REIServerPlugin END] Reloading Section: "end-reload/" done in 425.7 μs
[19:17:19] [main/DEBUG] [REI] ========================================
[19:17:19] [main/DEBUG] [REI] REIServerPlugin ended main-reload for END in 4.309 ms.
[19:17:19] [main/DEBUG] [REI] ========================================
[19:17:19] [main/DEBUG] [REI] ========================================
[19:17:19] [main/DEBUG] [REI] REIPlugin starting post-reload for END.
[19:17:19] [main/DEBUG] [REI] Reloadables (7):
[19:17:19] [main/DEBUG] [REI]  - EntryTypeRegistryImpl
[19:17:19] [main/DEBUG] [REI]  - EntrySettingsAdapterRegistryImpl
[19:17:19] [main/DEBUG] [REI]  - RecipeManagerContextImpl
[19:17:19] [main/DEBUG] [REI]  - ItemComparatorRegistryImpl
[19:17:19] [main/DEBUG] [REI]  - FluidComparatorRegistryImpl
[19:17:19] [main/DEBUG] [REI]  - DisplaySerializerRegistryImpl
[19:17:19] [main/DEBUG] [REI]  - FluidSupportProviderImpl
[19:17:19] [main/DEBUG] [REI] Plugins (2):
[19:17:19] [main/DEBUG] [REI]  - (-100.00) DefaultPluginImpl of DefaultPluginImpl [roughlyenoughitems]
[19:17:19] [main/DEBUG] [REI]  - (0.00) DefaultRuntimePlugin of DefaultRuntimePlugin [roughlyenoughitems]
[19:17:19] [main/DEBUG] [REI] ========================================
[19:17:19] [main/TRACE] [REI] [REIPlugin END] Reloading Section: "post-register/"
[19:17:19] [main/TRACE] [REI] [REIPlugin END] Reloading Section: "post-register/DefaultPluginImpl of DefaultPluginImpl [roughlyenoughitems]/"
[19:17:19] [main/TRACE] [REI] [REIPlugin END] Reloading Section: "post-register/DefaultPluginImpl of DefaultPluginImpl [roughlyenoughitems]/" done in 35.05 μs
[19:17:19] [main/TRACE] [REI] [REIPlugin END] Reloading Section: "post-register/DefaultRuntimePlugin of DefaultRuntimePlugin [roughlyenoughitems]/"
[19:17:19] [main/TRACE] [REI] [REIPlugin END] Reloading Section: "post-register/DefaultRuntimePlugin of DefaultRuntimePlugin [roughlyenoughitems]/" done in 38.37 μs
[19:17:19] [main/TRACE] [REI] [REIPlugin END] Reloading Section: "post-register/" done in 225.6 μs
[19:17:19] [main/TRACE] [REI] [REIPlugin END] Reloading Section: "post-stage/"
[19:17:19] [main/TRACE] [REI] [REIPlugin END] Reloading Section: "post-stage/EntryTypeRegistryImpl/"
[19:17:19] [main/TRACE] [REI] [REIPlugin END] Reloading Section: "post-stage/EntryTypeRegistryImpl/" done in 31.79 μs
[19:17:19] [main/TRACE] [REI] [REIPlugin END] Reloading Section: "post-stage/EntrySettingsAdapterRegistryImpl/"
[19:17:19] [main/TRACE] [REI] [REIPlugin END] Reloading Section: "post-stage/EntrySettingsAdapterRegistryImpl/" done in 32.69 μs
[19:17:19] [main/TRACE] [REI] [REIPlugin END] Reloading Section: "post-stage/RecipeManagerContextImpl/"
[19:17:19] [main/TRACE] [REI] [REIPlugin END] Reloading Section: "post-stage/RecipeManagerContextImpl/" done in 43.79 μs
[19:17:19] [main/TRACE] [REI] [REIPlugin END] Reloading Section: "post-stage/ItemComparatorRegistryImpl/"
[19:17:19] [main/TRACE] [REI] [REIPlugin END] Reloading Section: "post-stage/ItemComparatorRegistryImpl/" done in 31.68 μs
[19:17:19] [main/TRACE] [REI] [REIPlugin END] Reloading Section: "post-stage/FluidComparatorRegistryImpl/"
[19:17:19] [main/TRACE] [REI] [REIPlugin END] Reloading Section: "post-stage/FluidComparatorRegistryImpl/" done in 34.07 μs
[19:17:19] [main/TRACE] [REI] [REIPlugin END] Reloading Section: "post-stage/DisplaySerializerRegistryImpl/"
[19:17:19] [main/TRACE] [REI] [REIPlugin END] Reloading Section: "post-stage/DisplaySerializerRegistryImpl/" done in 35.39 μs
[19:17:19] [main/TRACE] [REI] [REIPlugin END] Reloading Section: "post-stage/FluidSupportProviderImpl/"
[19:17:19] [main/TRACE] [REI] [REIPlugin END] Reloading Section: "post-stage/FluidSupportProviderImpl/" done in 37.93 μs
[19:17:19] [main/TRACE] [REI] [REIPlugin END] Reloading Section: "post-stage/" done in 665.9 μs
[19:17:19] [main/DEBUG] [REI] ========================================
[19:17:19] [main/INFO] [REI] REIPlugin finished post-reload for END in 1.012 ms, totaling 29.84 ms.
[19:17:19] [main/DEBUG] [REI] ========================================
[19:17:19] [main/DEBUG] [REI] ========================================
[19:17:19] [main/DEBUG] [REI] REIServerPlugin starting post-reload for END.
[19:17:19] [main/DEBUG] [REI] Reloadables (2):
[19:17:19] [main/DEBUG] [REI]  - MenuInfoRegistryImpl
[19:17:19] [main/DEBUG] [REI]  - SlotAccessorRegistryImpl
[19:17:19] [main/DEBUG] [REI] Plugins (2):
[19:17:19] [main/DEBUG] [REI]  - (-100.00) DefaultPluginImpl of DefaultPluginImpl [roughlyenoughitems]
[19:17:19] [main/DEBUG] [REI]  - (0.00) DefaultRuntimePlugin of DefaultRuntimePlugin [roughlyenoughitems]
[19:17:19] [main/DEBUG] [REI] ========================================
[19:17:19] [main/TRACE] [REI] [REIServerPlugin END] Reloading Section: "post-register/"
[19:17:19] [main/TRACE] [REI] [REIServerPlugin END] Reloading Section: "post-register/DefaultPluginImpl of DefaultPluginImpl [roughlyenoughitems]/"
[19:17:19] [main/TRACE] [REI] [REIServerPlugin END] Reloading Section: "post-register/DefaultPluginImpl of DefaultPluginImpl [roughlyenoughitems]/" done in 35.20 μs
[19:17:19] [main/TRACE] [REI] [REIServerPlugin END] Reloading Section: "post-register/DefaultRuntimePlugin of DefaultRuntimePlugin [roughlyenoughitems]/"
[19:17:19] [main/TRACE] [REI] [REIServerPlugin END] Reloading Section: "post-register/DefaultRuntimePlugin of DefaultRuntimePlugin [roughlyenoughitems]/" done in 36.14 μs
[19:17:19] [main/TRACE] [REI] [REIServerPlugin END] Reloading Section: "post-register/" done in 225.7 μs
[19:17:19] [main/TRACE] [REI] [REIServerPlugin END] Reloading Section: "post-stage/"
[19:17:19] [main/TRACE] [REI] [REIServerPlugin END] Reloading Section: "post-stage/MenuInfoRegistryImpl/"
[19:17:19] [main/TRACE] [REI] [REIServerPlugin END] Reloading Section: "post-stage/MenuInfoRegistryImpl/" done in 39.13 μs
[19:17:19] [main/TRACE] [REI] [REIServerPlugin END] Reloading Section: "post-stage/SlotAccessorRegistryImpl/"
[19:17:19] [main/TRACE] [REI] [REIServerPlugin END] Reloading Section: "post-stage/SlotAccessorRegistryImpl/" done in 43.31 μs
[19:17:19] [main/TRACE] [REI] [REIServerPlugin END] Reloading Section: "post-stage/" done in 827.1 μs
[19:17:19] [main/DEBUG] [REI] ========================================
[19:17:19] [main/INFO] [REI] REIServerPlugin finished post-reload for END in 1.153 ms, totaling 6.689 ms.
[19:17:19] [main/DEBUG] [REI] ========================================
